<?xml version="1.0" encoding="UTF-8"?>
<testsuite xmlns:xsi="http://www.w3.org/2001/XMLSchema-instance" xsi:noNamespaceSchemaLocation="https://maven.apache.org/surefire/maven-surefire-plugin/xsd/surefire-test-report-3.0.xsd" version="3.0" name="com.pinapp.notify.adapters.push.PushNotificationProviderTest" time="0.024" tests="13" errors="0" skipped="0" failures="0">
  <properties>
[...]
</properties>
  <testcase name="shouldSupportOnlyPushChannel" classname="com.pinapp.notify.adapters.push.PushNotificationProviderTest" time="0.001">
    <system-err><![CDATA[2026-01-21 14:38:32.585 DEBUG PushNotificationProvider - [PUSH PROVIDER] Inicializado con Server Key: test*** | App ID: com.test.app
]]></system-err>
  </testcase>
  <testcase name="shouldThrowExceptionWhenMetadataIsEmpty" classname="com.pinapp.notify.adapters.push.PushNotificationProviderTest" time="0.001">
    <system-err><![CDATA[2026-01-21 14:38:32.586 DEBUG PushNotificationProvider - [PUSH PROVIDER] Inicializado con Server Key: test*** | App ID: com.test.app
2026-01-21 14:38:32.587 INFO PushNotificationProvider - [PUSH PROVIDER] Procesando notificación [id=be14b12d-6c4d-49de-899f-c9c5a64a44e2]
2026-01-21 14:38:32.587 ERROR PushNotificationProvider - [PUSH PROVIDER] Error: El destinatario no tiene un 'deviceToken' válido en los metadatos
]]></system-err>
  </testcase>
  <testcase name="shouldWorkWithDefaultConstructor" classname="com.pinapp.notify.adapters.push.PushNotificationProviderTest" time="0.006">
    <system-err><![CDATA[2026-01-21 14:38:32.587 DEBUG PushNotificationProvider - [PUSH PROVIDER] Inicializado con Server Key: test*** | App ID: com.test.app
2026-01-21 14:38:32.588 DEBUG PushNotificationProvider - [PUSH PROVIDER] Inicializado con Server Key: ******* | App ID: com.pinapp.default
2026-01-21 14:38:32.588 INFO PushNotificationProvider - [PUSH PROVIDER] Procesando notificación [id=97e19d2a-81d1-4033-aa42-488bb51c272b]
2026-01-21 14:38:32.593 INFO PushNotificationProvider - [PUSH PROVIDER] Sending to device: device-t...-456 | App: com.pinapp.default | Title: Notificación | Message: Test message | MessageId: 91d33e25-32cb-4cfb-9467-b06ee58640da
2026-01-21 14:38:32.593 DEBUG PushNotificationProvider - [PUSH PROVIDER] Priority: NORMAL | Badge: 1 | Sound: default | Server Key configured: false
2026-01-21 14:38:32.593 INFO PushNotificationProvider - [PUSH PROVIDER] ✓ Push notification enviada exitosamente [messageId=91d33e25-32cb-4cfb-9467-b06ee58640da]
]]></system-err>
  </testcase>
  <testcase name="shouldReturnCorrectProviderName" classname="com.pinapp.notify.adapters.push.PushNotificationProviderTest" time="0.0">
    <system-err><![CDATA[2026-01-21 14:38:32.594 DEBUG PushNotificationProvider - [PUSH PROVIDER] Inicializado con Server Key: test*** | App ID: com.test.app
]]></system-err>
  </testcase>
  <testcase name="shouldSendPushSuccessfullyWithAllMetadata" classname="com.pinapp.notify.adapters.push.PushNotificationProviderTest" time="0.001">
    <system-err><![CDATA[2026-01-21 14:38:32.595 DEBUG PushNotificationProvider - [PUSH PROVIDER] Inicializado con Server Key: test*** | App ID: com.test.app
2026-01-21 14:38:32.595 INFO PushNotificationProvider - [PUSH PROVIDER] Procesando notificación [id=880d2f11-2db4-442a-a933-328189f86462]
2026-01-21 14:38:32.595 INFO PushNotificationProvider - [PUSH PROVIDER] Sending to device: fcm-toke...cdef | App: com.test.app | Title: Test Title | Message: Test push message | MessageId: bf8a9227-5120-4f47-ad18-68af20197481
2026-01-21 14:38:32.595 DEBUG PushNotificationProvider - [PUSH PROVIDER] Priority: HIGH | Badge: 5 | Sound: notification.mp3 | Server Key configured: true
2026-01-21 14:38:32.596 INFO PushNotificationProvider - [PUSH PROVIDER] ✓ Push notification enviada exitosamente [messageId=bf8a9227-5120-4f47-ad18-68af20197481]
]]></system-err>
  </testcase>
  <testcase name="shouldSendPushSuccessfullyWithOnlyDeviceToken" classname="com.pinapp.notify.adapters.push.PushNotificationProviderTest" time="0.001">
    <system-err><![CDATA[2026-01-21 14:38:32.597 DEBUG PushNotificationProvider - [PUSH PROVIDER] Inicializado con Server Key: test*** | App ID: com.test.app
2026-01-21 14:38:32.597 INFO PushNotificationProvider - [PUSH PROVIDER] Procesando notificación [id=7381d8c5-eb6e-41dd-a77c-c4e91eae8ff2]
2026-01-21 14:38:32.597 INFO PushNotificationProvider - [PUSH PROVIDER] Sending to device: device-t...-xyz | App: com.test.app | Title: Notificación | Message: Simple push message | MessageId: 4d965b1e-42cb-4caf-9e22-0435c6f704bf
2026-01-21 14:38:32.597 DEBUG PushNotificationProvider - [PUSH PROVIDER] Priority: NORMAL | Badge: 1 | Sound: default | Server Key configured: true
2026-01-21 14:38:32.597 INFO PushNotificationProvider - [PUSH PROVIDER] ✓ Push notification enviada exitosamente [messageId=4d965b1e-42cb-4caf-9e22-0435c6f704bf]
]]></system-err>
  </testcase>
  <testcase name="shouldThrowExceptionWhenDeviceTokenIsMissing" classname="com.pinapp.notify.adapters.push.PushNotificationProviderTest" time="0.001">
    <system-err><![CDATA[2026-01-21 14:38:32.597 DEBUG PushNotificationProvider - [PUSH PROVIDER] Inicializado con Server Key: test*** | App ID: com.test.app
2026-01-21 14:38:32.598 INFO PushNotificationProvider - [PUSH PROVIDER] Procesando notificación [id=b9c5930c-ebf0-4a0d-a006-3a12e0bd27f5]
2026-01-21 14:38:32.598 ERROR PushNotificationProvider - [PUSH PROVIDER] Error: El destinatario no tiene un 'deviceToken' válido en los metadatos
]]></system-err>
  </testcase>
  <testcase name="shouldHandleLongDeviceTokens" classname="com.pinapp.notify.adapters.push.PushNotificationProviderTest" time="0.001">
    <system-err><![CDATA[2026-01-21 14:38:32.598 DEBUG PushNotificationProvider - [PUSH PROVIDER] Inicializado con Server Key: test*** | App ID: com.test.app
2026-01-21 14:38:32.599 INFO PushNotificationProvider - [PUSH PROVIDER] Procesando notificación [id=f38cfcd7-a4b6-4813-a15b-15dbf2da6aac]
2026-01-21 14:38:32.599 INFO PushNotificationProvider - [PUSH PROVIDER] Sending to device: aaaaaaaa...aaaa | App: com.test.app | Title: Notificación | Message: Test with long token | MessageId: dbd965e9-db2c-4331-b673-7ed89254f562
2026-01-21 14:38:32.599 DEBUG PushNotificationProvider - [PUSH PROVIDER] Priority: NORMAL | Badge: 1 | Sound: default | Server Key configured: true
2026-01-21 14:38:32.599 INFO PushNotificationProvider - [PUSH PROVIDER] ✓ Push notification enviada exitosamente [messageId=dbd965e9-db2c-4331-b673-7ed89254f562]
]]></system-err>
  </testcase>
  <testcase name="shouldUseDefaultValuesForOptionalMetadata" classname="com.pinapp.notify.adapters.push.PushNotificationProviderTest" time="0.001">
    <system-err><![CDATA[2026-01-21 14:38:32.599 DEBUG PushNotificationProvider - [PUSH PROVIDER] Inicializado con Server Key: test*** | App ID: com.test.app
2026-01-21 14:38:32.599 INFO PushNotificationProvider - [PUSH PROVIDER] Procesando notificación [id=725124c0-1c31-47fb-8570-db19b0b6bb9d]
2026-01-21 14:38:32.599 INFO PushNotificationProvider - [PUSH PROVIDER] Sending to device: device-t...-789 | App: com.test.app | Title: Notificación | Message: Test with defaults | MessageId: 53ad765d-bba0-4384-be13-52d309d43639
2026-01-21 14:38:32.599 DEBUG PushNotificationProvider - [PUSH PROVIDER] Priority: NORMAL | Badge: 1 | Sound: default | Server Key configured: true
2026-01-21 14:38:32.599 INFO PushNotificationProvider - [PUSH PROVIDER] ✓ Push notification enviada exitosamente [messageId=53ad765d-bba0-4384-be13-52d309d43639]
]]></system-err>
  </testcase>
  <testcase name="shouldAllowAdditionalMetadata" classname="com.pinapp.notify.adapters.push.PushNotificationProviderTest" time="0.0">
    <system-err><![CDATA[2026-01-21 14:38:32.600 DEBUG PushNotificationProvider - [PUSH PROVIDER] Inicializado con Server Key: test*** | App ID: com.test.app
2026-01-21 14:38:32.600 INFO PushNotificationProvider - [PUSH PROVIDER] Procesando notificación [id=5de3c09a-4b30-4d36-b577-5f3640d4c053]
2026-01-21 14:38:32.600 INFO PushNotificationProvider - [PUSH PROVIDER] Sending to device: device-t...xtra | App: com.test.app | Title: Notificación | Message: Test with extra metadata | MessageId: 8ae774e8-f0b0-4e31-99e1-62a7b201ab1a
2026-01-21 14:38:32.600 DEBUG PushNotificationProvider - [PUSH PROVIDER] Priority: NORMAL | Badge: 1 | Sound: default | Server Key configured: true
2026-01-21 14:38:32.600 INFO PushNotificationProvider - [PUSH PROVIDER] ✓ Push notification enviada exitosamente [messageId=8ae774e8-f0b0-4e31-99e1-62a7b201ab1a]
]]></system-err>
  </testcase>
  <testcase name="shouldThrowExceptionWhenDeviceTokenIsBlank" classname="com.pinapp.notify.adapters.push.PushNotificationProviderTest" time="0.0">
    <system-err><![CDATA[2026-01-21 14:38:32.601 DEBUG PushNotificationProvider - [PUSH PROVIDER] Inicializado con Server Key: test*** | App ID: com.test.app
2026-01-21 14:38:32.601 INFO PushNotificationProvider - [PUSH PROVIDER] Procesando notificación [id=8b17a21a-2084-40f8-8ba7-6ae1ee294e52]
2026-01-21 14:38:32.601 ERROR PushNotificationProvider - [PUSH PROVIDER] Error: El destinatario no tiene un 'deviceToken' válido en los metadatos
]]></system-err>
  </testcase>
  <testcase name="shouldHandleDifferentPriorities" classname="com.pinapp.notify.adapters.push.PushNotificationProviderTest" time="0.003">
    <system-err><![CDATA[2026-01-21 14:38:32.602 DEBUG PushNotificationProvider - [PUSH PROVIDER] Inicializado con Server Key: test*** | App ID: com.test.app
2026-01-21 14:38:32.602 INFO PushNotificationProvider - [PUSH PROVIDER] Procesando notificación [id=094c0695-88c5-4c8a-a1d9-e1e30d616d27]
2026-01-21 14:38:32.602 INFO PushNotificationProvider - [PUSH PROVIDER] Sending to device: device-t...rity | App: com.test.app | Title: Notificación | Message: Test | MessageId: 22472e07-7503-416c-b726-79ac9ea7a0eb
2026-01-21 14:38:32.602 DEBUG PushNotificationProvider - [PUSH PROVIDER] Priority: LOW | Badge: 1 | Sound: default | Server Key configured: true
2026-01-21 14:38:32.603 INFO PushNotificationProvider - [PUSH PROVIDER] ✓ Push notification enviada exitosamente [messageId=22472e07-7503-416c-b726-79ac9ea7a0eb]
2026-01-21 14:38:32.603 INFO PushNotificationProvider - [PUSH PROVIDER] Procesando notificación [id=2a26d814-5be4-4121-85b9-0db579411742]
2026-01-21 14:38:32.603 INFO PushNotificationProvider - [PUSH PROVIDER] Sending to device: device-t...rity | App: com.test.app | Title: Notificación | Message: Test | MessageId: b92d3bd3-2d9e-4e19-ae85-39a62ebec910
2026-01-21 14:38:32.603 DEBUG PushNotificationProvider - [PUSH PROVIDER] Priority: NORMAL | Badge: 1 | Sound: default | Server Key configured: true
2026-01-21 14:38:32.603 INFO PushNotificationProvider - [PUSH PROVIDER] ✓ Push notification enviada exitosamente [messageId=b92d3bd3-2d9e-4e19-ae85-39a62ebec910]
2026-01-21 14:38:32.603 INFO PushNotificationProvider - [PUSH PROVIDER] Procesando notificación [id=52a77b18-20fc-471a-8bb1-813467c4b3c1]
2026-01-21 14:38:32.603 INFO PushNotificationProvider - [PUSH PROVIDER] Sending to device: device-t...rity | App: com.test.app | Title: Notificación | Message: Test | MessageId: 6d67e193-f429-4d58-b59b-7637e4b3bce1
2026-01-21 14:38:32.603 DEBUG PushNotificationProvider - [PUSH PROVIDER] Priority: HIGH | Badge: 1 | Sound: default | Server Key configured: true
2026-01-21 14:38:32.603 INFO PushNotificationProvider - [PUSH PROVIDER] ✓ Push notification enviada exitosamente [messageId=6d67e193-f429-4d58-b59b-7637e4b3bce1]
2026-01-21 14:38:32.604 INFO PushNotificationProvider - [PUSH PROVIDER] Procesando notificación [id=b1fb4e1f-b5f3-455d-a894-2f6ba2db31b3]
2026-01-21 14:38:32.604 INFO PushNotificationProvider - [PUSH PROVIDER] Sending to device: device-t...rity | App: com.test.app | Title: Notificación | Message: Test | MessageId: d4dd2f62-59a5-42f6-9534-6f87dfbd6d0d
2026-01-21 14:38:32.604 DEBUG PushNotificationProvider - [PUSH PROVIDER] Priority: CRITICAL | Badge: 1 | Sound: default | Server Key configured: true
2026-01-21 14:38:32.604 INFO PushNotificationProvider - [PUSH PROVIDER] ✓ Push notification enviada exitosamente [messageId=d4dd2f62-59a5-42f6-9534-6f87dfbd6d0d]
]]></system-err>
  </testcase>
  <testcase name="shouldWorkWithServerKeyConstructor" classname="com.pinapp.notify.adapters.push.PushNotificationProviderTest" time="0.001">
    <system-err><![CDATA[2026-01-21 14:38:32.607 DEBUG PushNotificationProvider - [PUSH PROVIDER] Inicializado con Server Key: test*** | App ID: com.test.app
2026-01-21 14:38:32.607 DEBUG PushNotificationProvider - [PUSH PROVIDER] Inicializado con Server Key: serv*** | App ID: com.pinapp.default
2026-01-21 14:38:32.607 INFO PushNotificationProvider - [PUSH PROVIDER] Procesando notificación [id=33c70923-12e0-44ae-bc71-08b3d6fe5b04]
2026-01-21 14:38:32.607 INFO PushNotificationProvider - [PUSH PROVIDER] Sending to device: device-t...-123 | App: com.pinapp.default | Title: Notificación | Message: Test message | MessageId: b9104eed-f074-4413-bd03-aba25e1e4010
2026-01-21 14:38:32.607 DEBUG PushNotificationProvider - [PUSH PROVIDER] Priority: NORMAL | Badge: 1 | Sound: default | Server Key configured: true
2026-01-21 14:38:32.607 INFO PushNotificationProvider - [PUSH PROVIDER] ✓ Push notification enviada exitosamente [messageId=b9104eed-f074-4413-bd03-aba25e1e4010]
]]></system-err>
  </testcase>
</testsuite>