<?xml version="1.0" encoding="UTF-8"?>
<testsuite xmlns:xsi="http://www.w3.org/2001/XMLSchema-instance" xsi:noNamespaceSchemaLocation="https://maven.apache.org/surefire/maven-surefire-plugin/xsd/surefire-test-report-3.0.xsd" version="3.0" name="com.pinapp.notify.adapters.sms.SmsNotificationProviderTest" time="0.025" tests="10" errors="0" skipped="0" failures="0">
  <properties>
[...]
</properties>
  <testcase name="shouldSendSmsSuccessfully" classname="com.pinapp.notify.adapters.sms.SmsNotificationProviderTest" time="0.007">
    <system-err><![CDATA[2026-01-21 14:08:16.880 DEBUG SmsNotificationProvider - [SMS PROVIDER] Inicializado con API Key: test*** | SenderId: TestApp
2026-01-21 14:08:16.881 INFO SmsNotificationProvider - [SMS PROVIDER] Procesando notificación [id=50444847-cdf4-4091-987e-875ba38e4aef]
2026-01-21 14:08:16.882 INFO SmsNotificationProvider - [SMS PROVIDER] Sending to: +56912345678 | From: TestApp | Message: Test SMS message | MessageId: 7e57ba56-95a5-4006-9d41-6209e2a8ed4e
2026-01-21 14:08:16.882 DEBUG SmsNotificationProvider - [SMS PROVIDER] Priority: CRITICAL | Message length: 16 chars | API Key configured: true
2026-01-21 14:08:16.882 INFO SmsNotificationProvider - [SMS PROVIDER] ✓ SMS enviado exitosamente [messageId=7e57ba56-95a5-4006-9d41-6209e2a8ed4e]
]]></system-err>
  </testcase>
  <testcase name="shouldThrowExceptionWhenPhoneIsNull" classname="com.pinapp.notify.adapters.sms.SmsNotificationProviderTest" time="0.002">
    <system-err><![CDATA[2026-01-21 14:08:16.889 DEBUG SmsNotificationProvider - [SMS PROVIDER] Inicializado con API Key: test*** | SenderId: TestApp
2026-01-21 14:08:16.890 INFO SmsNotificationProvider - [SMS PROVIDER] Procesando notificación [id=21dc6788-45df-4395-9aed-15aa0f3cca71]
2026-01-21 14:08:16.890 ERROR SmsNotificationProvider - [SMS PROVIDER] Error: El destinatario no tiene un número de teléfono válido
]]></system-err>
  </testcase>
  <testcase name="shouldWorkWithDefaultConstructor" classname="com.pinapp.notify.adapters.sms.SmsNotificationProviderTest" time="0.002">
    <system-err><![CDATA[2026-01-21 14:08:16.891 DEBUG SmsNotificationProvider - [SMS PROVIDER] Inicializado con API Key: test*** | SenderId: TestApp
2026-01-21 14:08:16.892 DEBUG SmsNotificationProvider - [SMS PROVIDER] Inicializado con API Key: ******* | SenderId: PinApp
2026-01-21 14:08:16.892 INFO SmsNotificationProvider - [SMS PROVIDER] Procesando notificación [id=248ac2f2-c1c9-464d-a9d6-1604525d5285]
2026-01-21 14:08:16.892 INFO SmsNotificationProvider - [SMS PROVIDER] Sending to: +56912345678 | From: PinApp | Message: Test message | MessageId: 47bccd74-f886-499f-97ba-f0535c634857
2026-01-21 14:08:16.892 DEBUG SmsNotificationProvider - [SMS PROVIDER] Priority: NORMAL | Message length: 12 chars | API Key configured: false
2026-01-21 14:08:16.892 INFO SmsNotificationProvider - [SMS PROVIDER] ✓ SMS enviado exitosamente [messageId=47bccd74-f886-499f-97ba-f0535c634857]
]]></system-err>
  </testcase>
  <testcase name="shouldReturnCorrectProviderName" classname="com.pinapp.notify.adapters.sms.SmsNotificationProviderTest" time="0.0">
    <system-err><![CDATA[2026-01-21 14:08:16.893 DEBUG SmsNotificationProvider - [SMS PROVIDER] Inicializado con API Key: test*** | SenderId: TestApp
]]></system-err>
  </testcase>
  <testcase name="shouldHandleShortAndLongMessages" classname="com.pinapp.notify.adapters.sms.SmsNotificationProviderTest" time="0.0">
    <system-err><![CDATA[2026-01-21 14:08:16.894 DEBUG SmsNotificationProvider - [SMS PROVIDER] Inicializado con API Key: test*** | SenderId: TestApp
2026-01-21 14:08:16.894 INFO SmsNotificationProvider - [SMS PROVIDER] Procesando notificación [id=cc093087-2db9-4827-b749-426380b71e01]
2026-01-21 14:08:16.894 INFO SmsNotificationProvider - [SMS PROVIDER] Sending to: +56912345678 | From: TestApp | Message: Hi | MessageId: 261adb9b-fab3-4b99-bccb-488eb0207ede
2026-01-21 14:08:16.894 DEBUG SmsNotificationProvider - [SMS PROVIDER] Priority: NORMAL | Message length: 2 chars | API Key configured: true
2026-01-21 14:08:16.894 INFO SmsNotificationProvider - [SMS PROVIDER] ✓ SMS enviado exitosamente [messageId=261adb9b-fab3-4b99-bccb-488eb0207ede]
2026-01-21 14:08:16.894 INFO SmsNotificationProvider - [SMS PROVIDER] Procesando notificación [id=dae4d843-6a18-493e-89be-67d162d064ac]
2026-01-21 14:08:16.894 INFO SmsNotificationProvider - [SMS PROVIDER] Sending to: +56912345678 | From: TestApp | Message: AAAAAAAAAAAAAAAAAAAAAAAAAAAAAAAAAAAAAAAAAAAAAAAAAAAAAAAAAAAAAAAAAAAAAAAAAAAAAAAAAAAAAAAAAAAAAAAAAAAA... | MessageId: 9573c76e-7c91-4e0b-b72f-3d85f014d325
2026-01-21 14:08:16.894 DEBUG SmsNotificationProvider - [SMS PROVIDER] Priority: NORMAL | Message length: 500 chars | API Key configured: true
2026-01-21 14:08:16.894 INFO SmsNotificationProvider - [SMS PROVIDER] ✓ SMS enviado exitosamente [messageId=9573c76e-7c91-4e0b-b72f-3d85f014d325]
]]></system-err>
  </testcase>
  <testcase name="shouldThrowExceptionWhenPhoneIsBlank" classname="com.pinapp.notify.adapters.sms.SmsNotificationProviderTest" time="0.0">
    <system-err><![CDATA[2026-01-21 14:08:16.895 DEBUG SmsNotificationProvider - [SMS PROVIDER] Inicializado con API Key: test*** | SenderId: TestApp
2026-01-21 14:08:16.895 INFO SmsNotificationProvider - [SMS PROVIDER] Procesando notificación [id=e2a65f43-858a-4ad2-92e2-b00554fa349b]
2026-01-21 14:08:16.895 ERROR SmsNotificationProvider - [SMS PROVIDER] Error: El destinatario no tiene un número de teléfono válido
]]></system-err>
  </testcase>
  <testcase name="shouldHandleDifferentPriorities" classname="com.pinapp.notify.adapters.sms.SmsNotificationProviderTest" time="0.001">
    <system-err><![CDATA[2026-01-21 14:08:16.896 DEBUG SmsNotificationProvider - [SMS PROVIDER] Inicializado con API Key: test*** | SenderId: TestApp
2026-01-21 14:08:16.896 INFO SmsNotificationProvider - [SMS PROVIDER] Procesando notificación [id=afb1cd72-43bf-407a-a106-c81c9d7744fe]
2026-01-21 14:08:16.896 INFO SmsNotificationProvider - [SMS PROVIDER] Sending to: +56912345678 | From: TestApp | Message: Test | MessageId: 21590d76-10e7-48bd-9bff-792e2ca492e9
2026-01-21 14:08:16.896 DEBUG SmsNotificationProvider - [SMS PROVIDER] Priority: LOW | Message length: 4 chars | API Key configured: true
2026-01-21 14:08:16.896 INFO SmsNotificationProvider - [SMS PROVIDER] ✓ SMS enviado exitosamente [messageId=21590d76-10e7-48bd-9bff-792e2ca492e9]
2026-01-21 14:08:16.897 INFO SmsNotificationProvider - [SMS PROVIDER] Procesando notificación [id=f561fcb2-e36e-46f0-acc3-dc95d3259601]
2026-01-21 14:08:16.897 INFO SmsNotificationProvider - [SMS PROVIDER] Sending to: +56912345678 | From: TestApp | Message: Test | MessageId: c661ffda-a2f3-4029-860d-4758cdd83bc0
2026-01-21 14:08:16.897 DEBUG SmsNotificationProvider - [SMS PROVIDER] Priority: NORMAL | Message length: 4 chars | API Key configured: true
2026-01-21 14:08:16.897 INFO SmsNotificationProvider - [SMS PROVIDER] ✓ SMS enviado exitosamente [messageId=c661ffda-a2f3-4029-860d-4758cdd83bc0]
2026-01-21 14:08:16.897 INFO SmsNotificationProvider - [SMS PROVIDER] Procesando notificación [id=3fbb1232-4d3f-456f-95db-15b81568b7a2]
2026-01-21 14:08:16.897 INFO SmsNotificationProvider - [SMS PROVIDER] Sending to: +56912345678 | From: TestApp | Message: Test | MessageId: 25e1a6f1-d9e1-44df-b1e4-e41b518cc656
2026-01-21 14:08:16.897 DEBUG SmsNotificationProvider - [SMS PROVIDER] Priority: HIGH | Message length: 4 chars | API Key configured: true
2026-01-21 14:08:16.897 INFO SmsNotificationProvider - [SMS PROVIDER] ✓ SMS enviado exitosamente [messageId=25e1a6f1-d9e1-44df-b1e4-e41b518cc656]
2026-01-21 14:08:16.897 INFO SmsNotificationProvider - [SMS PROVIDER] Procesando notificación [id=cf817d9b-e952-4ffd-8864-ef869c1790f0]
2026-01-21 14:08:16.897 INFO SmsNotificationProvider - [SMS PROVIDER] Sending to: +56912345678 | From: TestApp | Message: Test | MessageId: c0737794-74e1-46c2-afdd-1a70f5162d4d
2026-01-21 14:08:16.897 DEBUG SmsNotificationProvider - [SMS PROVIDER] Priority: CRITICAL | Message length: 4 chars | API Key configured: true
2026-01-21 14:08:16.897 INFO SmsNotificationProvider - [SMS PROVIDER] ✓ SMS enviado exitosamente [messageId=c0737794-74e1-46c2-afdd-1a70f5162d4d]
]]></system-err>
  </testcase>
  <testcase name="shouldSupportOnlySmsChannel" classname="com.pinapp.notify.adapters.sms.SmsNotificationProviderTest" time="0.001">
    <system-err><![CDATA[2026-01-21 14:08:16.899 DEBUG SmsNotificationProvider - [SMS PROVIDER] Inicializado con API Key: test*** | SenderId: TestApp
]]></system-err>
  </testcase>
  <testcase name="shouldWorkWithApiKeyConstructor" classname="com.pinapp.notify.adapters.sms.SmsNotificationProviderTest" time="0.0">
    <system-err><![CDATA[2026-01-21 14:08:16.900 DEBUG SmsNotificationProvider - [SMS PROVIDER] Inicializado con API Key: test*** | SenderId: TestApp
2026-01-21 14:08:16.900 DEBUG SmsNotificationProvider - [SMS PROVIDER] Inicializado con API Key: api-*** | SenderId: PinApp
2026-01-21 14:08:16.900 INFO SmsNotificationProvider - [SMS PROVIDER] Procesando notificación [id=267a3ad1-34df-4653-a64b-f8ccee9ae080]
2026-01-21 14:08:16.900 INFO SmsNotificationProvider - [SMS PROVIDER] Sending to: +56987654321 | From: PinApp | Message: Test message | MessageId: a77c38fb-c3cc-4f35-ab34-6241f1a96e4d
2026-01-21 14:08:16.900 DEBUG SmsNotificationProvider - [SMS PROVIDER] Priority: NORMAL | Message length: 12 chars | API Key configured: true
2026-01-21 14:08:16.900 INFO SmsNotificationProvider - [SMS PROVIDER] ✓ SMS enviado exitosamente [messageId=a77c38fb-c3cc-4f35-ab34-6241f1a96e4d]
]]></system-err>
  </testcase>
  <testcase name="shouldHandleDifferentPhoneFormats" classname="com.pinapp.notify.adapters.sms.SmsNotificationProviderTest" time="0.001">
    <system-err><![CDATA[2026-01-21 14:08:16.901 DEBUG SmsNotificationProvider - [SMS PROVIDER] Inicializado con API Key: test*** | SenderId: TestApp
2026-01-21 14:08:16.901 INFO SmsNotificationProvider - [SMS PROVIDER] Procesando notificación [id=86eee2fc-e408-4d87-9728-c02b6f9bff72]
2026-01-21 14:08:16.901 INFO SmsNotificationProvider - [SMS PROVIDER] Sending to: +56912345678 | From: TestApp | Message: Test | MessageId: f3dabe4a-bb27-4c20-9e86-3b94a796581e
2026-01-21 14:08:16.901 DEBUG SmsNotificationProvider - [SMS PROVIDER] Priority: NORMAL | Message length: 4 chars | API Key configured: true
2026-01-21 14:08:16.901 INFO SmsNotificationProvider - [SMS PROVIDER] ✓ SMS enviado exitosamente [messageId=f3dabe4a-bb27-4c20-9e86-3b94a796581e]
2026-01-21 14:08:16.901 INFO SmsNotificationProvider - [SMS PROVIDER] Procesando notificación [id=3d761d5b-b3ba-4f73-981e-9a62347fd8b3]
2026-01-21 14:08:16.901 INFO SmsNotificationProvider - [SMS PROVIDER] Sending to: 912345678 | From: TestApp | Message: Test | MessageId: f0b4c67d-1b3f-428f-abdb-a3a881af9cc9
2026-01-21 14:08:16.901 DEBUG SmsNotificationProvider - [SMS PROVIDER] Priority: NORMAL | Message length: 4 chars | API Key configured: true
2026-01-21 14:08:16.901 INFO SmsNotificationProvider - [SMS PROVIDER] ✓ SMS enviado exitosamente [messageId=f0b4c67d-1b3f-428f-abdb-a3a881af9cc9]
2026-01-21 14:08:16.901 INFO SmsNotificationProvider - [SMS PROVIDER] Procesando notificación [id=107e413f-279e-4228-bb7b-fb0a4411c54e]
2026-01-21 14:08:16.901 INFO SmsNotificationProvider - [SMS PROVIDER] Sending to: +1-555-123-4567 | From: TestApp | Message: Test | MessageId: 723ceed8-d1f0-4c25-801a-66187930c89c
2026-01-21 14:08:16.902 DEBUG SmsNotificationProvider - [SMS PROVIDER] Priority: NORMAL | Message length: 4 chars | API Key configured: true
2026-01-21 14:08:16.902 INFO SmsNotificationProvider - [SMS PROVIDER] ✓ SMS enviado exitosamente [messageId=723ceed8-d1f0-4c25-801a-66187930c89c]
2026-01-21 14:08:16.902 INFO SmsNotificationProvider - [SMS PROVIDER] Procesando notificación [id=aaf3926c-8e5a-43b8-8deb-a786dcaf8e85]
2026-01-21 14:08:16.902 INFO SmsNotificationProvider - [SMS PROVIDER] Sending to: (555) 123-4567 | From: TestApp | Message: Test | MessageId: 99b38d93-6e2d-405d-a60c-facf112335b4
2026-01-21 14:08:16.902 DEBUG SmsNotificationProvider - [SMS PROVIDER] Priority: NORMAL | Message length: 4 chars | API Key configured: true
2026-01-21 14:08:16.902 INFO SmsNotificationProvider - [SMS PROVIDER] ✓ SMS enviado exitosamente [messageId=99b38d93-6e2d-405d-a60c-facf112335b4]
]]></system-err>
  </testcase>
</testsuite>