<?xml version="1.0" encoding="UTF-8"?>
<testsuite xmlns:xsi="http://www.w3.org/2001/XMLSchema-instance" xsi:noNamespaceSchemaLocation="https://maven.apache.org/surefire/maven-surefire-plugin/xsd/surefire-test-report-3.0.xsd" version="3.0" name="com.pinapp.notify.core.NotificationServiceRetryTest" time="2.74" tests="5" errors="0" skipped="0" failures="0">
  <properties>
[...]
</properties>
  <testcase name="shouldUseDefaultRetryPolicyIfNotConfigured" classname="com.pinapp.notify.core.NotificationServiceRetryTest" time="2.006">
    <system-err><![CDATA[2026-01-21 14:38:29.812 INFO NotificationServiceImpl - NotificationServiceImpl inicializado con 1 proveedor(es) configurado(s)
2026-01-21 14:38:29.812 INFO NotificationServiceImpl - Proveedor seleccionado: 'Provider' para canal EMAIL
2026-01-21 14:38:29.813 WARN NotificationServiceImpl - Error del proveedor 'Provider' en intento 1/3 para notificación [id=fd9250c9-bd09-458c-b116-035c346c90dd]: Error en el proveedor 'Provider': Error
2026-01-21 14:38:29.813 INFO NotificationServiceImpl - Reintento 2/3 para notificación [id=fd9250c9-bd09-458c-b116-035c346c90dd] después de 1000ms
2026-01-21 14:38:30.813 WARN NotificationServiceImpl - Error del proveedor 'Provider' en intento 2/3 para notificación [id=fd9250c9-bd09-458c-b116-035c346c90dd]: Error en el proveedor 'Provider': Error
2026-01-21 14:38:30.814 INFO NotificationServiceImpl - Reintento 3/3 para notificación [id=fd9250c9-bd09-458c-b116-035c346c90dd] después de 1000ms
2026-01-21 14:38:31.815 INFO NotificationServiceImpl - Notificación [id=fd9250c9-bd09-458c-b116-035c346c90dd] enviada exitosamente en el intento 3/3
]]></system-err>
  </testcase>
  <testcase name="shouldWorkWithoutRetriesWhenConfiguredNoRetry" classname="com.pinapp.notify.core.NotificationServiceRetryTest" time="0.001">
    <system-err><![CDATA[2026-01-21 14:38:31.820 INFO NotificationServiceImpl - NotificationServiceImpl inicializado con 1 proveedor(es) configurado(s)
2026-01-21 14:38:31.820 INFO NotificationServiceImpl - Proveedor seleccionado: 'Provider' para canal EMAIL
2026-01-21 14:38:31.820 WARN NotificationServiceImpl - Error del proveedor 'Provider' en intento 1/1 para notificación [id=c73cf617-18e7-4b73-be48-52d1c53d4e83]: Error en el proveedor 'Provider': Error
2026-01-21 14:38:31.820 ERROR NotificationServiceImpl - Notificación [id=c73cf617-18e7-4b73-be48-52d1c53d4e83] falló después de 1 intentos: Error en el proveedor 'Provider': Error
]]></system-err>
  </testcase>
  <testcase name="shouldFailAfterExhaustingAllRetries" classname="com.pinapp.notify.core.NotificationServiceRetryTest" time="0.109">
    <system-err><![CDATA[2026-01-21 14:38:31.821 INFO NotificationServiceImpl - NotificationServiceImpl inicializado con 1 proveedor(es) configurado(s)
2026-01-21 14:38:31.821 INFO NotificationServiceImpl - Proveedor seleccionado: 'AlwaysFailProvider' para canal EMAIL
2026-01-21 14:38:31.821 WARN NotificationServiceImpl - Error del proveedor 'AlwaysFailProvider' en intento 1/3 para notificación [id=24768344-a18f-4ac7-8f76-8e780dd26baa]: Error en el proveedor 'AlwaysFailProvider': Siempre falla
2026-01-21 14:38:31.821 INFO NotificationServiceImpl - Reintento 2/3 para notificación [id=24768344-a18f-4ac7-8f76-8e780dd26baa] después de 50ms
2026-01-21 14:38:31.876 WARN NotificationServiceImpl - Error del proveedor 'AlwaysFailProvider' en intento 2/3 para notificación [id=24768344-a18f-4ac7-8f76-8e780dd26baa]: Error en el proveedor 'AlwaysFailProvider': Siempre falla
2026-01-21 14:38:31.876 INFO NotificationServiceImpl - Reintento 3/3 para notificación [id=24768344-a18f-4ac7-8f76-8e780dd26baa] después de 50ms
2026-01-21 14:38:31.929 WARN NotificationServiceImpl - Error del proveedor 'AlwaysFailProvider' en intento 3/3 para notificación [id=24768344-a18f-4ac7-8f76-8e780dd26baa]: Error en el proveedor 'AlwaysFailProvider': Siempre falla
2026-01-21 14:38:31.929 ERROR NotificationServiceImpl - Notificación [id=24768344-a18f-4ac7-8f76-8e780dd26baa] falló después de 3 intentos: Error en el proveedor 'AlwaysFailProvider': Siempre falla
]]></system-err>
  </testcase>
  <testcase name="shouldRetryWhenProviderFails" classname="com.pinapp.notify.core.NotificationServiceRetryTest" time="0.209">
    <system-err><![CDATA[2026-01-21 14:38:31.932 INFO NotificationServiceImpl - NotificationServiceImpl inicializado con 1 proveedor(es) configurado(s)
2026-01-21 14:38:31.933 INFO NotificationServiceImpl - Proveedor seleccionado: 'FlakeyProvider' para canal EMAIL
2026-01-21 14:38:31.933 WARN NotificationServiceImpl - Error del proveedor 'FlakeyProvider' en intento 1/3 para notificación [id=dfc59093-6534-45f7-b0b8-f79549eb9dd5]: Error en el proveedor 'FlakeyProvider': Fallo simulado intento 1
2026-01-21 14:38:31.933 INFO NotificationServiceImpl - Reintento 2/3 para notificación [id=dfc59093-6534-45f7-b0b8-f79549eb9dd5] después de 100ms
2026-01-21 14:38:32.034 WARN NotificationServiceImpl - Error del proveedor 'FlakeyProvider' en intento 2/3 para notificación [id=dfc59093-6534-45f7-b0b8-f79549eb9dd5]: Error en el proveedor 'FlakeyProvider': Fallo simulado intento 2
2026-01-21 14:38:32.034 INFO NotificationServiceImpl - Reintento 3/3 para notificación [id=dfc59093-6534-45f7-b0b8-f79549eb9dd5] después de 100ms
2026-01-21 14:38:32.140 INFO NotificationServiceImpl - Notificación [id=dfc59093-6534-45f7-b0b8-f79549eb9dd5] enviada exitosamente en el intento 3/3
]]></system-err>
  </testcase>
  <testcase name="shouldRespectDelayBetweenRetries" classname="com.pinapp.notify.core.NotificationServiceRetryTest" time="0.411">
    <system-err><![CDATA[2026-01-21 14:38:32.143 INFO NotificationServiceImpl - NotificationServiceImpl inicializado con 1 proveedor(es) configurado(s)
2026-01-21 14:38:32.143 INFO NotificationServiceImpl - Proveedor seleccionado: 'Provider' para canal EMAIL
2026-01-21 14:38:32.144 WARN NotificationServiceImpl - Error del proveedor 'Provider' en intento 1/3 para notificación [id=08a6fd7e-c4c0-4abc-bbeb-a3957c389f4f]: Error en el proveedor 'Provider': Error intento 1
2026-01-21 14:38:32.144 INFO NotificationServiceImpl - Reintento 2/3 para notificación [id=08a6fd7e-c4c0-4abc-bbeb-a3957c389f4f] después de 200ms
2026-01-21 14:38:32.345 WARN NotificationServiceImpl - Error del proveedor 'Provider' en intento 2/3 para notificación [id=08a6fd7e-c4c0-4abc-bbeb-a3957c389f4f]: Error en el proveedor 'Provider': Error intento 2
2026-01-21 14:38:32.345 INFO NotificationServiceImpl - Reintento 3/3 para notificación [id=08a6fd7e-c4c0-4abc-bbeb-a3957c389f4f] después de 200ms
2026-01-21 14:38:32.550 INFO NotificationServiceImpl - Notificación [id=08a6fd7e-c4c0-4abc-bbeb-a3957c389f4f] enviada exitosamente en el intento 3/3
]]></system-err>
  </testcase>
</testsuite>