<?xml version="1.0" encoding="UTF-8"?>
<testsuite xmlns:xsi="http://www.w3.org/2001/XMLSchema-instance" xsi:noNamespaceSchemaLocation="https://maven.apache.org/surefire/maven-surefire-plugin/xsd/surefire-test-report-3.0.xsd" version="3.0" name="com.pinapp.notify.providers.impl.SmsNotificationProviderTest" time="0.025" tests="10" errors="0" skipped="0" failures="0">
  <properties>
[...]
</properties>
  <testcase name="shouldSendSmsSuccessfully" classname="com.pinapp.notify.providers.impl.SmsNotificationProviderTest" time="0.001">
    <system-err><![CDATA[2026-01-21 12:32:17.726 DEBUG SmsNotificationProvider - [SMS PROVIDER] Inicializado con API Key: test*** | SenderId: TestApp
2026-01-21 12:32:17.726 INFO SmsNotificationProvider - [SMS PROVIDER] Procesando notificación [id=64cadfcf-853c-4a37-900e-84dfd44b7dc8]
2026-01-21 12:32:17.726 INFO SmsNotificationProvider - [SMS PROVIDER] Sending to: +56912345678 | From: TestApp | Message: Test SMS message | MessageId: 1bdd065f-d43c-41c1-81ec-d22fe17f1c5a
2026-01-21 12:32:17.726 DEBUG SmsNotificationProvider - [SMS PROVIDER] Priority: CRITICAL | Message length: 16 chars | API Key configured: true
2026-01-21 12:32:17.726 INFO SmsNotificationProvider - [SMS PROVIDER] ✓ SMS enviado exitosamente [messageId=1bdd065f-d43c-41c1-81ec-d22fe17f1c5a]
]]></system-err>
  </testcase>
  <testcase name="shouldThrowExceptionWhenPhoneIsNull" classname="com.pinapp.notify.providers.impl.SmsNotificationProviderTest" time="0.002">
    <system-err><![CDATA[2026-01-21 12:32:17.727 DEBUG SmsNotificationProvider - [SMS PROVIDER] Inicializado con API Key: test*** | SenderId: TestApp
2026-01-21 12:32:17.728 INFO SmsNotificationProvider - [SMS PROVIDER] Procesando notificación [id=7f091513-110f-4ce4-895b-f3ec9de5a152]
2026-01-21 12:32:17.728 ERROR SmsNotificationProvider - [SMS PROVIDER] Error: El destinatario no tiene un número de teléfono válido
]]></system-err>
  </testcase>
  <testcase name="shouldWorkWithDefaultConstructor" classname="com.pinapp.notify.providers.impl.SmsNotificationProviderTest" time="0.002">
    <system-err><![CDATA[2026-01-21 12:32:17.730 DEBUG SmsNotificationProvider - [SMS PROVIDER] Inicializado con API Key: test*** | SenderId: TestApp
2026-01-21 12:32:17.730 DEBUG SmsNotificationProvider - [SMS PROVIDER] Inicializado con API Key: ******* | SenderId: PinApp
2026-01-21 12:32:17.731 INFO SmsNotificationProvider - [SMS PROVIDER] Procesando notificación [id=5a74ea72-4d87-4a78-8af4-3c40bb037328]
2026-01-21 12:32:17.731 INFO SmsNotificationProvider - [SMS PROVIDER] Sending to: +56912345678 | From: PinApp | Message: Test message | MessageId: 99d2cdfd-e1be-4004-838b-a74cf629d0a7
2026-01-21 12:32:17.731 DEBUG SmsNotificationProvider - [SMS PROVIDER] Priority: NORMAL | Message length: 12 chars | API Key configured: false
2026-01-21 12:32:17.731 INFO SmsNotificationProvider - [SMS PROVIDER] ✓ SMS enviado exitosamente [messageId=99d2cdfd-e1be-4004-838b-a74cf629d0a7]
]]></system-err>
  </testcase>
  <testcase name="shouldReturnCorrectProviderName" classname="com.pinapp.notify.providers.impl.SmsNotificationProviderTest" time="0.001">
    <system-err><![CDATA[2026-01-21 12:32:17.732 DEBUG SmsNotificationProvider - [SMS PROVIDER] Inicializado con API Key: test*** | SenderId: TestApp
]]></system-err>
  </testcase>
  <testcase name="shouldHandleShortAndLongMessages" classname="com.pinapp.notify.providers.impl.SmsNotificationProviderTest" time="0.001">
    <system-err><![CDATA[2026-01-21 12:32:17.733 DEBUG SmsNotificationProvider - [SMS PROVIDER] Inicializado con API Key: test*** | SenderId: TestApp
2026-01-21 12:32:17.733 INFO SmsNotificationProvider - [SMS PROVIDER] Procesando notificación [id=804c8f48-c9d7-4c0c-8da4-7ef728b9244e]
2026-01-21 12:32:17.733 INFO SmsNotificationProvider - [SMS PROVIDER] Sending to: +56912345678 | From: TestApp | Message: Hi | MessageId: 2eb0ad1e-7c65-4b50-a49d-4fcc566296e8
2026-01-21 12:32:17.733 DEBUG SmsNotificationProvider - [SMS PROVIDER] Priority: NORMAL | Message length: 2 chars | API Key configured: true
2026-01-21 12:32:17.733 INFO SmsNotificationProvider - [SMS PROVIDER] ✓ SMS enviado exitosamente [messageId=2eb0ad1e-7c65-4b50-a49d-4fcc566296e8]
2026-01-21 12:32:17.734 INFO SmsNotificationProvider - [SMS PROVIDER] Procesando notificación [id=9d8d139e-7015-4357-ab8b-9ec2e6f24261]
2026-01-21 12:32:17.734 INFO SmsNotificationProvider - [SMS PROVIDER] Sending to: +56912345678 | From: TestApp | Message: AAAAAAAAAAAAAAAAAAAAAAAAAAAAAAAAAAAAAAAAAAAAAAAAAAAAAAAAAAAAAAAAAAAAAAAAAAAAAAAAAAAAAAAAAAAAAAAAAAAA... | MessageId: 075fe518-4e94-471a-a995-3cb52867340f
2026-01-21 12:32:17.734 DEBUG SmsNotificationProvider - [SMS PROVIDER] Priority: NORMAL | Message length: 500 chars | API Key configured: true
2026-01-21 12:32:17.734 INFO SmsNotificationProvider - [SMS PROVIDER] ✓ SMS enviado exitosamente [messageId=075fe518-4e94-471a-a995-3cb52867340f]
]]></system-err>
  </testcase>
  <testcase name="shouldThrowExceptionWhenPhoneIsBlank" classname="com.pinapp.notify.providers.impl.SmsNotificationProviderTest" time="0.001">
    <system-err><![CDATA[2026-01-21 12:32:17.736 DEBUG SmsNotificationProvider - [SMS PROVIDER] Inicializado con API Key: test*** | SenderId: TestApp
2026-01-21 12:32:17.736 INFO SmsNotificationProvider - [SMS PROVIDER] Procesando notificación [id=95254d7e-84ef-4966-b325-8551bb076eee]
2026-01-21 12:32:17.736 ERROR SmsNotificationProvider - [SMS PROVIDER] Error: El destinatario no tiene un número de teléfono válido
]]></system-err>
  </testcase>
  <testcase name="shouldHandleDifferentPriorities" classname="com.pinapp.notify.providers.impl.SmsNotificationProviderTest" time="0.002">
    <system-err><![CDATA[2026-01-21 12:32:17.737 DEBUG SmsNotificationProvider - [SMS PROVIDER] Inicializado con API Key: test*** | SenderId: TestApp
2026-01-21 12:32:17.737 INFO SmsNotificationProvider - [SMS PROVIDER] Procesando notificación [id=6ec31361-cbf3-4d99-98ee-b917077dc061]
2026-01-21 12:32:17.737 INFO SmsNotificationProvider - [SMS PROVIDER] Sending to: +56912345678 | From: TestApp | Message: Test | MessageId: 3587089f-d763-4615-9bf4-a09ab4630722
2026-01-21 12:32:17.737 DEBUG SmsNotificationProvider - [SMS PROVIDER] Priority: LOW | Message length: 4 chars | API Key configured: true
2026-01-21 12:32:17.737 INFO SmsNotificationProvider - [SMS PROVIDER] ✓ SMS enviado exitosamente [messageId=3587089f-d763-4615-9bf4-a09ab4630722]
2026-01-21 12:32:17.737 INFO SmsNotificationProvider - [SMS PROVIDER] Procesando notificación [id=4fdba6d4-6aa9-43fe-b5db-ee9f78f7d31f]
2026-01-21 12:32:17.737 INFO SmsNotificationProvider - [SMS PROVIDER] Sending to: +56912345678 | From: TestApp | Message: Test | MessageId: 42843150-4548-4d4e-a414-7b8644799722
2026-01-21 12:32:17.737 DEBUG SmsNotificationProvider - [SMS PROVIDER] Priority: NORMAL | Message length: 4 chars | API Key configured: true
2026-01-21 12:32:17.737 INFO SmsNotificationProvider - [SMS PROVIDER] ✓ SMS enviado exitosamente [messageId=42843150-4548-4d4e-a414-7b8644799722]
2026-01-21 12:32:17.738 INFO SmsNotificationProvider - [SMS PROVIDER] Procesando notificación [id=3237826a-6f3e-42f6-82f6-6159234dedfd]
2026-01-21 12:32:17.738 INFO SmsNotificationProvider - [SMS PROVIDER] Sending to: +56912345678 | From: TestApp | Message: Test | MessageId: a86d5bde-cb88-4a93-aca7-0ac6a95422fd
2026-01-21 12:32:17.738 DEBUG SmsNotificationProvider - [SMS PROVIDER] Priority: HIGH | Message length: 4 chars | API Key configured: true
2026-01-21 12:32:17.738 INFO SmsNotificationProvider - [SMS PROVIDER] ✓ SMS enviado exitosamente [messageId=a86d5bde-cb88-4a93-aca7-0ac6a95422fd]
2026-01-21 12:32:17.738 INFO SmsNotificationProvider - [SMS PROVIDER] Procesando notificación [id=41d999f5-7065-4978-9fbe-d7d805d86b1e]
2026-01-21 12:32:17.738 INFO SmsNotificationProvider - [SMS PROVIDER] Sending to: +56912345678 | From: TestApp | Message: Test | MessageId: 94b4d008-45ec-4809-b27d-9b45ecac97b8
2026-01-21 12:32:17.738 DEBUG SmsNotificationProvider - [SMS PROVIDER] Priority: CRITICAL | Message length: 4 chars | API Key configured: true
2026-01-21 12:32:17.738 INFO SmsNotificationProvider - [SMS PROVIDER] ✓ SMS enviado exitosamente [messageId=94b4d008-45ec-4809-b27d-9b45ecac97b8]
]]></system-err>
  </testcase>
  <testcase name="shouldSupportOnlySmsChannel" classname="com.pinapp.notify.providers.impl.SmsNotificationProviderTest" time="0.001">
    <system-err><![CDATA[2026-01-21 12:32:17.741 DEBUG SmsNotificationProvider - [SMS PROVIDER] Inicializado con API Key: test*** | SenderId: TestApp
]]></system-err>
  </testcase>
  <testcase name="shouldWorkWithApiKeyConstructor" classname="com.pinapp.notify.providers.impl.SmsNotificationProviderTest" time="0.002">
    <system-err><![CDATA[2026-01-21 12:32:17.742 DEBUG SmsNotificationProvider - [SMS PROVIDER] Inicializado con API Key: test*** | SenderId: TestApp
2026-01-21 12:32:17.743 DEBUG SmsNotificationProvider - [SMS PROVIDER] Inicializado con API Key: api-*** | SenderId: PinApp
2026-01-21 12:32:17.743 INFO SmsNotificationProvider - [SMS PROVIDER] Procesando notificación [id=04d464fa-eb24-44fc-9227-e9139033ad10]
2026-01-21 12:32:17.743 INFO SmsNotificationProvider - [SMS PROVIDER] Sending to: +56987654321 | From: PinApp | Message: Test message | MessageId: 4a872601-e426-4756-a765-6be932391ba5
2026-01-21 12:32:17.743 DEBUG SmsNotificationProvider - [SMS PROVIDER] Priority: NORMAL | Message length: 12 chars | API Key configured: true
2026-01-21 12:32:17.743 INFO SmsNotificationProvider - [SMS PROVIDER] ✓ SMS enviado exitosamente [messageId=4a872601-e426-4756-a765-6be932391ba5]
]]></system-err>
  </testcase>
  <testcase name="shouldHandleDifferentPhoneFormats" classname="com.pinapp.notify.providers.impl.SmsNotificationProviderTest" time="0.003">
    <system-err><![CDATA[2026-01-21 12:32:17.746 DEBUG SmsNotificationProvider - [SMS PROVIDER] Inicializado con API Key: test*** | SenderId: TestApp
2026-01-21 12:32:17.747 INFO SmsNotificationProvider - [SMS PROVIDER] Procesando notificación [id=30aca536-69d3-4bd1-b846-c294828ec1df]
2026-01-21 12:32:17.747 INFO SmsNotificationProvider - [SMS PROVIDER] Sending to: +56912345678 | From: TestApp | Message: Test | MessageId: 53ce91f5-97c1-413e-b7b4-f9275872362f
2026-01-21 12:32:17.747 DEBUG SmsNotificationProvider - [SMS PROVIDER] Priority: NORMAL | Message length: 4 chars | API Key configured: true
2026-01-21 12:32:17.747 INFO SmsNotificationProvider - [SMS PROVIDER] ✓ SMS enviado exitosamente [messageId=53ce91f5-97c1-413e-b7b4-f9275872362f]
2026-01-21 12:32:17.747 INFO SmsNotificationProvider - [SMS PROVIDER] Procesando notificación [id=ae0c79cd-c11f-4424-b585-f3f774e7c4b5]
2026-01-21 12:32:17.747 INFO SmsNotificationProvider - [SMS PROVIDER] Sending to: 912345678 | From: TestApp | Message: Test | MessageId: 4de06c9a-e519-4d60-b233-757009fb7558
2026-01-21 12:32:17.747 DEBUG SmsNotificationProvider - [SMS PROVIDER] Priority: NORMAL | Message length: 4 chars | API Key configured: true
2026-01-21 12:32:17.748 INFO SmsNotificationProvider - [SMS PROVIDER] ✓ SMS enviado exitosamente [messageId=4de06c9a-e519-4d60-b233-757009fb7558]
2026-01-21 12:32:17.748 INFO SmsNotificationProvider - [SMS PROVIDER] Procesando notificación [id=c49da56e-65b4-4a8d-85a0-e429154b2b62]
2026-01-21 12:32:17.748 INFO SmsNotificationProvider - [SMS PROVIDER] Sending to: +1-555-123-4567 | From: TestApp | Message: Test | MessageId: 2104e614-5f03-483d-9982-1a31b7139673
2026-01-21 12:32:17.748 DEBUG SmsNotificationProvider - [SMS PROVIDER] Priority: NORMAL | Message length: 4 chars | API Key configured: true
2026-01-21 12:32:17.748 INFO SmsNotificationProvider - [SMS PROVIDER] ✓ SMS enviado exitosamente [messageId=2104e614-5f03-483d-9982-1a31b7139673]
2026-01-21 12:32:17.748 INFO SmsNotificationProvider - [SMS PROVIDER] Procesando notificación [id=f586b6b5-6e2f-49ab-8dad-7dd8034e067d]
2026-01-21 12:32:17.748 INFO SmsNotificationProvider - [SMS PROVIDER] Sending to: (555) 123-4567 | From: TestApp | Message: Test | MessageId: eeb3e372-9acd-4cb5-88cd-2566fdfb8b39
2026-01-21 12:32:17.748 DEBUG SmsNotificationProvider - [SMS PROVIDER] Priority: NORMAL | Message length: 4 chars | API Key configured: true
2026-01-21 12:32:17.748 INFO SmsNotificationProvider - [SMS PROVIDER] ✓ SMS enviado exitosamente [messageId=eeb3e372-9acd-4cb5-88cd-2566fdfb8b39]
]]></system-err>
  </testcase>
</testsuite>