<?xml version="1.0" encoding="UTF-8"?>
<testsuite xmlns:xsi="http://www.w3.org/2001/XMLSchema-instance" xsi:noNamespaceSchemaLocation="https://maven.apache.org/surefire/maven-surefire-plugin/xsd/surefire-test-report-3.0.xsd" version="3.0" name="com.pinapp.notify.core.NotificationServiceAsyncTest" time="0.047" tests="6" errors="0" skipped="0" failures="0">
  <properties>
[...]
</properties>
  <testcase name="shouldSendNotificationAsyncSuccessfully" classname="com.pinapp.notify.core.NotificationServiceAsyncTest" time="0.028">
    <system-err><![CDATA[2026-01-21 14:38:29.707 DEBUG EmailNotificationProvider - [EMAIL PROVIDER] Inicializado con API Key: *******
2026-01-21 14:38:29.707 DEBUG PinappNotifyConfig - ExecutorService creado con pool size: 8
2026-01-21 14:38:29.708 INFO NotificationServiceImpl - NotificationServiceImpl inicializado con 1 proveedor(es) configurado(s)
2026-01-21 14:38:29.732 INFO NotificationServiceImpl - Proveedor seleccionado: 'EmailProvider' para canal EMAIL
2026-01-21 14:38:29.732 INFO EmailNotificationProvider - [EMAIL PROVIDER] Procesando notificación [id=101e141d-b6ee-4fd9-96ce-11b92e6fbf95]
2026-01-21 14:38:29.732 INFO EmailNotificationProvider - [EMAIL PROVIDER] Sending to: test@example.com | Subject: Test Async | Body: Test async message | MessageId: 990acdf4-68bb-40b2-8245-7edbc5a8a005
2026-01-21 14:38:29.732 DEBUG EmailNotificationProvider - [EMAIL PROVIDER] Priority: NORMAL | API Key configured: false
2026-01-21 14:38:29.732 INFO EmailNotificationProvider - [EMAIL PROVIDER] ✓ Email enviado exitosamente [messageId=990acdf4-68bb-40b2-8245-7edbc5a8a005]
2026-01-21 14:38:29.733 INFO NotificationServiceImpl - Notificación [id=101e141d-b6ee-4fd9-96ce-11b92e6fbf95] enviada exitosamente por 'EmailProvider' vía EMAIL
2026-01-21 14:38:29.733 INFO PinappNotifyConfig - Iniciando shutdown del ExecutorService...
2026-01-21 14:38:29.734 INFO PinappNotifyConfig - ExecutorService cerrado exitosamente
]]></system-err>
  </testcase>
  <testcase name="shouldWorkWithoutConfiguredExecutor" classname="com.pinapp.notify.core.NotificationServiceAsyncTest" time="0.003">
    <system-err><![CDATA[2026-01-21 14:38:29.735 DEBUG EmailNotificationProvider - [EMAIL PROVIDER] Inicializado con API Key: *******
2026-01-21 14:38:29.735 DEBUG PinappNotifyConfig - ExecutorService creado con pool size: 8
2026-01-21 14:38:29.735 INFO NotificationServiceImpl - NotificationServiceImpl inicializado con 1 proveedor(es) configurado(s)
2026-01-21 14:38:29.735 DEBUG EmailNotificationProvider - [EMAIL PROVIDER] Inicializado con API Key: *******
2026-01-21 14:38:29.736 INFO NotificationServiceImpl - NotificationServiceImpl inicializado con 1 proveedor(es) configurado(s)
2026-01-21 14:38:29.736 WARN NotificationServiceImpl - No se configuró un ExecutorService dedicado. Se recomienda usar PinappNotifyConfig.builder().enableAsync() o .withExecutorService()
2026-01-21 14:38:29.737 INFO NotificationServiceImpl - Proveedor seleccionado: 'EmailProvider' para canal EMAIL
2026-01-21 14:38:29.737 INFO EmailNotificationProvider - [EMAIL PROVIDER] Procesando notificación [id=d2ab733f-d10a-4ed0-aebd-4cd94b614ff1]
2026-01-21 14:38:29.737 INFO EmailNotificationProvider - [EMAIL PROVIDER] Sending to: test@example.com | Subject: Test | Body: Test | MessageId: e45e5f53-7857-48f7-a1f4-f01dde53882c
2026-01-21 14:38:29.737 DEBUG EmailNotificationProvider - [EMAIL PROVIDER] Priority: NORMAL | API Key configured: false
2026-01-21 14:38:29.737 INFO EmailNotificationProvider - [EMAIL PROVIDER] ✓ Email enviado exitosamente [messageId=e45e5f53-7857-48f7-a1f4-f01dde53882c]
2026-01-21 14:38:29.737 INFO NotificationServiceImpl - Notificación [id=d2ab733f-d10a-4ed0-aebd-4cd94b614ff1] enviada exitosamente por 'EmailProvider' vía EMAIL
2026-01-21 14:38:29.737 INFO PinappNotifyConfig - Iniciando shutdown del ExecutorService...
2026-01-21 14:38:29.737 INFO PinappNotifyConfig - ExecutorService cerrado exitosamente
]]></system-err>
  </testcase>
  <testcase name="shouldProcessCallbacksWithThenApply" classname="com.pinapp.notify.core.NotificationServiceAsyncTest" time="0.002">
    <system-err><![CDATA[2026-01-21 14:38:29.738 DEBUG EmailNotificationProvider - [EMAIL PROVIDER] Inicializado con API Key: *******
2026-01-21 14:38:29.738 DEBUG PinappNotifyConfig - ExecutorService creado con pool size: 8
2026-01-21 14:38:29.738 INFO NotificationServiceImpl - NotificationServiceImpl inicializado con 1 proveedor(es) configurado(s)
2026-01-21 14:38:29.739 INFO NotificationServiceImpl - Proveedor seleccionado: 'EmailProvider' para canal EMAIL
2026-01-21 14:38:29.740 INFO EmailNotificationProvider - [EMAIL PROVIDER] Procesando notificación [id=f2b0b2eb-73ec-4b5b-8176-47291168393a]
2026-01-21 14:38:29.740 INFO EmailNotificationProvider - [EMAIL PROVIDER] Sending to: test@example.com | Subject: Test Callback | Body: Test | MessageId: 214248a2-82fb-4825-a86e-d043a3e32e88
2026-01-21 14:38:29.740 DEBUG EmailNotificationProvider - [EMAIL PROVIDER] Priority: NORMAL | API Key configured: false
2026-01-21 14:38:29.740 INFO EmailNotificationProvider - [EMAIL PROVIDER] ✓ Email enviado exitosamente [messageId=214248a2-82fb-4825-a86e-d043a3e32e88]
2026-01-21 14:38:29.740 INFO NotificationServiceImpl - Notificación [id=f2b0b2eb-73ec-4b5b-8176-47291168393a] enviada exitosamente por 'EmailProvider' vía EMAIL
2026-01-21 14:38:29.740 INFO PinappNotifyConfig - Iniciando shutdown del ExecutorService...
2026-01-21 14:38:29.740 INFO PinappNotifyConfig - ExecutorService cerrado exitosamente
]]></system-err>
  </testcase>
  <testcase name="shouldAllowFutureComposition" classname="com.pinapp.notify.core.NotificationServiceAsyncTest" time="0.002">
    <system-err><![CDATA[2026-01-21 14:38:29.741 DEBUG EmailNotificationProvider - [EMAIL PROVIDER] Inicializado con API Key: *******
2026-01-21 14:38:29.741 DEBUG PinappNotifyConfig - ExecutorService creado con pool size: 8
2026-01-21 14:38:29.741 INFO NotificationServiceImpl - NotificationServiceImpl inicializado con 1 proveedor(es) configurado(s)
2026-01-21 14:38:29.742 INFO NotificationServiceImpl - Proveedor seleccionado: 'EmailProvider' para canal EMAIL
2026-01-21 14:38:29.742 INFO EmailNotificationProvider - [EMAIL PROVIDER] Procesando notificación [id=031c0795-b6a9-42c6-9ecf-d5e1be214b13]
2026-01-21 14:38:29.742 INFO EmailNotificationProvider - [EMAIL PROVIDER] Sending to: test@example.com | Subject: Test Composition | Body: Test | MessageId: 334a3906-e9fa-46eb-a577-a800019bfaf9
2026-01-21 14:38:29.742 DEBUG EmailNotificationProvider - [EMAIL PROVIDER] Priority: NORMAL | API Key configured: false
2026-01-21 14:38:29.742 INFO EmailNotificationProvider - [EMAIL PROVIDER] ✓ Email enviado exitosamente [messageId=334a3906-e9fa-46eb-a577-a800019bfaf9]
2026-01-21 14:38:29.742 INFO NotificationServiceImpl - Notificación [id=031c0795-b6a9-42c6-9ecf-d5e1be214b13] enviada exitosamente por 'EmailProvider' vía EMAIL
2026-01-21 14:38:29.743 INFO PinappNotifyConfig - Iniciando shutdown del ExecutorService...
2026-01-21 14:38:29.743 INFO PinappNotifyConfig - ExecutorService cerrado exitosamente
]]></system-err>
  </testcase>
  <testcase name="shouldSendNotificationAsyncWithDefaultChannel" classname="com.pinapp.notify.core.NotificationServiceAsyncTest" time="0.001">
    <system-err><![CDATA[2026-01-21 14:38:29.744 DEBUG EmailNotificationProvider - [EMAIL PROVIDER] Inicializado con API Key: *******
2026-01-21 14:38:29.744 DEBUG PinappNotifyConfig - ExecutorService creado con pool size: 8
2026-01-21 14:38:29.744 INFO NotificationServiceImpl - NotificationServiceImpl inicializado con 1 proveedor(es) configurado(s)
2026-01-21 14:38:29.744 INFO NotificationServiceImpl - Canal por defecto seleccionado: EMAIL para notificación asíncrona [id=58e29400-dcef-4c33-b09d-1de2d0ed1183]
2026-01-21 14:38:29.744 INFO NotificationServiceImpl - Proveedor seleccionado: 'EmailProvider' para canal EMAIL
2026-01-21 14:38:29.744 INFO EmailNotificationProvider - [EMAIL PROVIDER] Procesando notificación [id=58e29400-dcef-4c33-b09d-1de2d0ed1183]
2026-01-21 14:38:29.744 INFO EmailNotificationProvider - [EMAIL PROVIDER] Sending to: test@example.com | Subject: Test Async Default | Body: Test message | MessageId: e2bd541d-7345-4d55-855b-983f9e2ef778
2026-01-21 14:38:29.744 DEBUG EmailNotificationProvider - [EMAIL PROVIDER] Priority: NORMAL | API Key configured: false
2026-01-21 14:38:29.744 INFO EmailNotificationProvider - [EMAIL PROVIDER] ✓ Email enviado exitosamente [messageId=e2bd541d-7345-4d55-855b-983f9e2ef778]
2026-01-21 14:38:29.744 INFO NotificationServiceImpl - Notificación [id=58e29400-dcef-4c33-b09d-1de2d0ed1183] enviada exitosamente por 'EmailProvider' vía EMAIL
2026-01-21 14:38:29.744 INFO PinappNotifyConfig - Iniciando shutdown del ExecutorService...
2026-01-21 14:38:29.744 INFO PinappNotifyConfig - ExecutorService cerrado exitosamente
]]></system-err>
  </testcase>
  <testcase name="shouldHandleMultipleAsyncSendsInParallel" classname="com.pinapp.notify.core.NotificationServiceAsyncTest" time="0.005">
    <system-err><![CDATA[2026-01-21 14:38:29.745 DEBUG EmailNotificationProvider - [EMAIL PROVIDER] Inicializado con API Key: *******
2026-01-21 14:38:29.745 DEBUG PinappNotifyConfig - ExecutorService creado con pool size: 8
2026-01-21 14:38:29.745 INFO NotificationServiceImpl - NotificationServiceImpl inicializado con 1 proveedor(es) configurado(s)
2026-01-21 14:38:29.747 INFO NotificationServiceImpl - Proveedor seleccionado: 'EmailProvider' para canal EMAIL
2026-01-21 14:38:29.747 INFO EmailNotificationProvider - [EMAIL PROVIDER] Procesando notificación [id=128d90ad-a97a-4e97-ad0f-3f7bc5a84c0b]
2026-01-21 14:38:29.747 INFO EmailNotificationProvider - [EMAIL PROVIDER] Sending to: test0@example.com | Subject: Test 0 | Body: Message 0 | MessageId: c20c45ef-d793-4af8-b5c3-7044d2717e41
2026-01-21 14:38:29.747 DEBUG EmailNotificationProvider - [EMAIL PROVIDER] Priority: NORMAL | API Key configured: false
2026-01-21 14:38:29.747 INFO EmailNotificationProvider - [EMAIL PROVIDER] ✓ Email enviado exitosamente [messageId=c20c45ef-d793-4af8-b5c3-7044d2717e41]
2026-01-21 14:38:29.747 INFO NotificationServiceImpl - Notificación [id=128d90ad-a97a-4e97-ad0f-3f7bc5a84c0b] enviada exitosamente por 'EmailProvider' vía EMAIL
2026-01-21 14:38:29.747 INFO NotificationServiceImpl - Proveedor seleccionado: 'EmailProvider' para canal EMAIL
2026-01-21 14:38:29.747 INFO EmailNotificationProvider - [EMAIL PROVIDER] Procesando notificación [id=13904e2f-040c-4fa4-ac97-c9e5d9736f62]
2026-01-21 14:38:29.747 INFO EmailNotificationProvider - [EMAIL PROVIDER] Sending to: test1@example.com | Subject: Test 1 | Body: Message 1 | MessageId: 3e7738c4-0568-4d9c-8a33-4ef65a43a9ab
2026-01-21 14:38:29.747 DEBUG EmailNotificationProvider - [EMAIL PROVIDER] Priority: NORMAL | API Key configured: false
2026-01-21 14:38:29.747 INFO EmailNotificationProvider - [EMAIL PROVIDER] ✓ Email enviado exitosamente [messageId=3e7738c4-0568-4d9c-8a33-4ef65a43a9ab]
2026-01-21 14:38:29.747 INFO NotificationServiceImpl - Notificación [id=13904e2f-040c-4fa4-ac97-c9e5d9736f62] enviada exitosamente por 'EmailProvider' vía EMAIL
2026-01-21 14:38:29.747 INFO NotificationServiceImpl - Proveedor seleccionado: 'EmailProvider' para canal EMAIL
2026-01-21 14:38:29.748 INFO EmailNotificationProvider - [EMAIL PROVIDER] Procesando notificación [id=ee4eb376-c6f9-4ffb-8e89-2cf26c00ccc0]
2026-01-21 14:38:29.748 INFO EmailNotificationProvider - [EMAIL PROVIDER] Sending to: test2@example.com | Subject: Test 2 | Body: Message 2 | MessageId: 09dd934a-50da-417c-b37c-613f01748ce4
2026-01-21 14:38:29.748 INFO NotificationServiceImpl - Proveedor seleccionado: 'EmailProvider' para canal EMAIL
2026-01-21 14:38:29.748 INFO EmailNotificationProvider - [EMAIL PROVIDER] Procesando notificación [id=97aecbfc-6ea9-49da-8a42-7d16c23776dd]
2026-01-21 14:38:29.748 DEBUG EmailNotificationProvider - [EMAIL PROVIDER] Priority: NORMAL | API Key configured: false
2026-01-21 14:38:29.748 INFO EmailNotificationProvider - [EMAIL PROVIDER] Sending to: test3@example.com | Subject: Test 3 | Body: Message 3 | MessageId: 33600e5f-2322-458e-9416-6c75bb8f51ba
2026-01-21 14:38:29.748 INFO EmailNotificationProvider - [EMAIL PROVIDER] ✓ Email enviado exitosamente [messageId=09dd934a-50da-417c-b37c-613f01748ce4]
2026-01-21 14:38:29.748 DEBUG EmailNotificationProvider - [EMAIL PROVIDER] Priority: NORMAL | API Key configured: false
2026-01-21 14:38:29.748 INFO NotificationServiceImpl - Notificación [id=ee4eb376-c6f9-4ffb-8e89-2cf26c00ccc0] enviada exitosamente por 'EmailProvider' vía EMAIL
2026-01-21 14:38:29.748 INFO EmailNotificationProvider - [EMAIL PROVIDER] ✓ Email enviado exitosamente [messageId=33600e5f-2322-458e-9416-6c75bb8f51ba]
2026-01-21 14:38:29.748 INFO NotificationServiceImpl - Notificación [id=97aecbfc-6ea9-49da-8a42-7d16c23776dd] enviada exitosamente por 'EmailProvider' vía EMAIL
2026-01-21 14:38:29.748 INFO NotificationServiceImpl - Proveedor seleccionado: 'EmailProvider' para canal EMAIL
2026-01-21 14:38:29.748 INFO EmailNotificationProvider - [EMAIL PROVIDER] Procesando notificación [id=7aa64d92-b8ac-4462-ac4e-d6ade3a53ced]
2026-01-21 14:38:29.748 INFO EmailNotificationProvider - [EMAIL PROVIDER] Sending to: test4@example.com | Subject: Test 4 | Body: Message 4 | MessageId: ca2013c1-b85d-4ee2-92a4-3f4df2904bed
2026-01-21 14:38:29.748 DEBUG EmailNotificationProvider - [EMAIL PROVIDER] Priority: NORMAL | API Key configured: false
2026-01-21 14:38:29.748 INFO NotificationServiceImpl - Proveedor seleccionado: 'EmailProvider' para canal EMAIL
2026-01-21 14:38:29.748 INFO EmailNotificationProvider - [EMAIL PROVIDER] ✓ Email enviado exitosamente [messageId=ca2013c1-b85d-4ee2-92a4-3f4df2904bed]
2026-01-21 14:38:29.748 INFO EmailNotificationProvider - [EMAIL PROVIDER] Procesando notificación [id=7d09ef76-89e8-45b8-8a87-31fd3c4d2aee]
2026-01-21 14:38:29.748 INFO NotificationServiceImpl - Notificación [id=7aa64d92-b8ac-4462-ac4e-d6ade3a53ced] enviada exitosamente por 'EmailProvider' vía EMAIL
2026-01-21 14:38:29.748 INFO EmailNotificationProvider - [EMAIL PROVIDER] Sending to: test5@example.com | Subject: Test 5 | Body: Message 5 | MessageId: 0c806c5a-9da5-4438-ba68-7536ca1a8cb5
2026-01-21 14:38:29.748 DEBUG EmailNotificationProvider - [EMAIL PROVIDER] Priority: NORMAL | API Key configured: false
2026-01-21 14:38:29.748 INFO EmailNotificationProvider - [EMAIL PROVIDER] ✓ Email enviado exitosamente [messageId=0c806c5a-9da5-4438-ba68-7536ca1a8cb5]
2026-01-21 14:38:29.748 INFO NotificationServiceImpl - Notificación [id=7d09ef76-89e8-45b8-8a87-31fd3c4d2aee] enviada exitosamente por 'EmailProvider' vía EMAIL
2026-01-21 14:38:29.748 INFO NotificationServiceImpl - Proveedor seleccionado: 'EmailProvider' para canal EMAIL
2026-01-21 14:38:29.748 INFO EmailNotificationProvider - [EMAIL PROVIDER] Procesando notificación [id=ee4346a1-e58d-40ac-a81a-0b66e36a0065]
2026-01-21 14:38:29.748 INFO EmailNotificationProvider - [EMAIL PROVIDER] Sending to: test6@example.com | Subject: Test 6 | Body: Message 6 | MessageId: 608fd3f3-ba9b-4587-bf36-bed8e2ba2439
2026-01-21 14:38:29.748 DEBUG EmailNotificationProvider - [EMAIL PROVIDER] Priority: NORMAL | API Key configured: false
2026-01-21 14:38:29.748 INFO EmailNotificationProvider - [EMAIL PROVIDER] ✓ Email enviado exitosamente [messageId=608fd3f3-ba9b-4587-bf36-bed8e2ba2439]
2026-01-21 14:38:29.749 INFO NotificationServiceImpl - Notificación [id=ee4346a1-e58d-40ac-a81a-0b66e36a0065] enviada exitosamente por 'EmailProvider' vía EMAIL
2026-01-21 14:38:29.749 INFO NotificationServiceImpl - Proveedor seleccionado: 'EmailProvider' para canal EMAIL
2026-01-21 14:38:29.749 INFO EmailNotificationProvider - [EMAIL PROVIDER] Procesando notificación [id=fb7e2f9b-854a-4fec-aaae-287b65e8e301]
2026-01-21 14:38:29.748 INFO NotificationServiceImpl - Proveedor seleccionado: 'EmailProvider' para canal EMAIL
2026-01-21 14:38:29.749 INFO EmailNotificationProvider - [EMAIL PROVIDER] Sending to: test8@example.com | Subject: Test 8 | Body: Message 8 | MessageId: 951922a0-64c8-4611-8833-09bfbddef130
2026-01-21 14:38:29.749 INFO EmailNotificationProvider - [EMAIL PROVIDER] Procesando notificación [id=c73c1bc5-c34d-40e9-84c5-eec32dba11f7]
2026-01-21 14:38:29.749 DEBUG EmailNotificationProvider - [EMAIL PROVIDER] Priority: NORMAL | API Key configured: false
2026-01-21 14:38:29.749 INFO EmailNotificationProvider - [EMAIL PROVIDER] ✓ Email enviado exitosamente [messageId=951922a0-64c8-4611-8833-09bfbddef130]
2026-01-21 14:38:29.749 INFO EmailNotificationProvider - [EMAIL PROVIDER] Sending to: test7@example.com | Subject: Test 7 | Body: Message 7 | MessageId: c9adb39d-0496-43a5-8dd4-9502401da2de
2026-01-21 14:38:29.749 INFO NotificationServiceImpl - Notificación [id=fb7e2f9b-854a-4fec-aaae-287b65e8e301] enviada exitosamente por 'EmailProvider' vía EMAIL
2026-01-21 14:38:29.749 DEBUG EmailNotificationProvider - [EMAIL PROVIDER] Priority: NORMAL | API Key configured: false
2026-01-21 14:38:29.749 INFO EmailNotificationProvider - [EMAIL PROVIDER] ✓ Email enviado exitosamente [messageId=c9adb39d-0496-43a5-8dd4-9502401da2de]
2026-01-21 14:38:29.749 INFO NotificationServiceImpl - Proveedor seleccionado: 'EmailProvider' para canal EMAIL
2026-01-21 14:38:29.749 INFO EmailNotificationProvider - [EMAIL PROVIDER] Procesando notificación [id=ac2df26a-3809-4fa2-ad4a-53903a316b6e]
2026-01-21 14:38:29.749 INFO EmailNotificationProvider - [EMAIL PROVIDER] Sending to: test9@example.com | Subject: Test 9 | Body: Message 9 | MessageId: 78287e0c-07dc-4fad-8502-a10a946b367f
2026-01-21 14:38:29.749 DEBUG EmailNotificationProvider - [EMAIL PROVIDER] Priority: NORMAL | API Key configured: false
2026-01-21 14:38:29.749 INFO EmailNotificationProvider - [EMAIL PROVIDER] ✓ Email enviado exitosamente [messageId=78287e0c-07dc-4fad-8502-a10a946b367f]
2026-01-21 14:38:29.749 INFO NotificationServiceImpl - Notificación [id=c73c1bc5-c34d-40e9-84c5-eec32dba11f7] enviada exitosamente por 'EmailProvider' vía EMAIL
2026-01-21 14:38:29.749 INFO NotificationServiceImpl - Notificación [id=ac2df26a-3809-4fa2-ad4a-53903a316b6e] enviada exitosamente por 'EmailProvider' vía EMAIL
2026-01-21 14:38:29.749 INFO PinappNotifyConfig - Iniciando shutdown del ExecutorService...
2026-01-21 14:38:29.749 INFO PinappNotifyConfig - ExecutorService cerrado exitosamente
]]></system-err>
  </testcase>
</testsuite>