<?xml version="1.0" encoding="UTF-8"?>
<testsuite xmlns:xsi="http://www.w3.org/2001/XMLSchema-instance" xsi:noNamespaceSchemaLocation="https://maven.apache.org/surefire/maven-surefire-plugin/xsd/surefire-test-report-3.0.xsd" version="3.0" name="com.pinapp.notify.providers.impl.EmailNotificationProviderTest" time="0.087" tests="9" errors="0" skipped="0" failures="0">
  <properties>
[...]
</properties>
  <testcase name="shouldWorkWithDefaultConstructor" classname="com.pinapp.notify.providers.impl.EmailNotificationProviderTest" time="0.005">
    <system-err><![CDATA[2026-01-21 12:32:17.758 DEBUG EmailNotificationProvider - [EMAIL PROVIDER] Inicializado con API Key: test***
2026-01-21 12:32:17.758 DEBUG EmailNotificationProvider - [EMAIL PROVIDER] Inicializado con API Key: *******
2026-01-21 12:32:17.758 INFO EmailNotificationProvider - [EMAIL PROVIDER] Procesando notificación [id=da4862ab-b67e-4388-b1b4-d3dea2365ca7]
2026-01-21 12:32:17.759 INFO EmailNotificationProvider - [EMAIL PROVIDER] Sending to: test@example.com | Subject: Test Subject | Body: Test message | MessageId: 0e3fdaef-6a3a-4218-925d-5360b20d8847
2026-01-21 12:32:17.759 DEBUG EmailNotificationProvider - [EMAIL PROVIDER] Priority: NORMAL | API Key configured: false
2026-01-21 12:32:17.759 INFO EmailNotificationProvider - [EMAIL PROVIDER] ✓ Email enviado exitosamente [messageId=0e3fdaef-6a3a-4218-925d-5360b20d8847]
]]></system-err>
  </testcase>
  <testcase name="shouldReturnCorrectProviderName" classname="com.pinapp.notify.providers.impl.EmailNotificationProviderTest" time="0.001">
    <system-err><![CDATA[2026-01-21 12:32:17.764 DEBUG EmailNotificationProvider - [EMAIL PROVIDER] Inicializado con API Key: test***
]]></system-err>
  </testcase>
  <testcase name="shouldHandleLongMessages" classname="com.pinapp.notify.providers.impl.EmailNotificationProviderTest" time="0.03">
    <system-err><![CDATA[2026-01-21 12:32:17.764 DEBUG EmailNotificationProvider - [EMAIL PROVIDER] Inicializado con API Key: test***
2026-01-21 12:32:17.793 INFO EmailNotificationProvider - [EMAIL PROVIDER] Procesando notificación [id=bfc8d583-3539-4272-9623-53ef10960ec6]
2026-01-21 12:32:17.794 INFO EmailNotificationProvider - [EMAIL PROVIDER] Sending to: test@example.com | Subject: Long Message Test | Body: AAAAAAAAAAAAAAAAAAAAAAAAAAAAAAAAAAAAAAAAAAAAAAAAAAAAAAAAAAAAAAAAAAAAAAAAAAAAAAAAAAAAAAAAAAAAAAAAAAAA... | MessageId: 5e426e41-0a22-4f6c-8849-2b29b2e1a782
2026-01-21 12:32:17.794 DEBUG EmailNotificationProvider - [EMAIL PROVIDER] Priority: HIGH | API Key configured: true
2026-01-21 12:32:17.794 INFO EmailNotificationProvider - [EMAIL PROVIDER] ✓ Email enviado exitosamente [messageId=5e426e41-0a22-4f6c-8849-2b29b2e1a782]
]]></system-err>
  </testcase>
  <testcase name="shouldThrowExceptionWhenEmailIsBlank" classname="com.pinapp.notify.providers.impl.EmailNotificationProviderTest" time="0.008">
    <system-err><![CDATA[2026-01-21 12:32:17.795 DEBUG EmailNotificationProvider - [EMAIL PROVIDER] Inicializado con API Key: test***
2026-01-21 12:32:17.797 INFO EmailNotificationProvider - [EMAIL PROVIDER] Procesando notificación [id=afd59b2b-58be-4edf-bae5-d88fb8cc8244]
2026-01-21 12:32:17.801 ERROR EmailNotificationProvider - [EMAIL PROVIDER] Error: El destinatario no tiene una dirección de email válida
]]></system-err>
  </testcase>
  <testcase name="shouldThrowExceptionWhenEmailIsNull" classname="com.pinapp.notify.providers.impl.EmailNotificationProviderTest" time="0.015">
    <system-err><![CDATA[2026-01-21 12:32:17.811 DEBUG EmailNotificationProvider - [EMAIL PROVIDER] Inicializado con API Key: test***
2026-01-21 12:32:17.812 INFO EmailNotificationProvider - [EMAIL PROVIDER] Procesando notificación [id=1a20c62c-67ef-4716-b92b-7fb0a9ec1413]
2026-01-21 12:32:17.813 ERROR EmailNotificationProvider - [EMAIL PROVIDER] Error: El destinatario no tiene una dirección de email válida
]]></system-err>
  </testcase>
  <testcase name="shouldThrowExceptionWhenSubjectIsMissing" classname="com.pinapp.notify.providers.impl.EmailNotificationProviderTest" time="0.006">
    <system-err><![CDATA[2026-01-21 12:32:17.830 DEBUG EmailNotificationProvider - [EMAIL PROVIDER] Inicializado con API Key: test***
2026-01-21 12:32:17.830 INFO EmailNotificationProvider - [EMAIL PROVIDER] Procesando notificación [id=644026c5-e6fa-454f-a37f-b64d71cd19a0]
2026-01-21 12:32:17.831 ERROR EmailNotificationProvider - [EMAIL PROVIDER] Error: La notificación debe tener un 'subject' en los metadatos del destinatario
]]></system-err>
  </testcase>
  <testcase name="shouldThrowExceptionWhenSubjectIsBlank" classname="com.pinapp.notify.providers.impl.EmailNotificationProviderTest" time="0.002">
    <system-err><![CDATA[2026-01-21 12:32:17.831 DEBUG EmailNotificationProvider - [EMAIL PROVIDER] Inicializado con API Key: test***
2026-01-21 12:32:17.832 INFO EmailNotificationProvider - [EMAIL PROVIDER] Procesando notificación [id=b30e1b43-c636-4162-bb38-47fa15e2931a]
2026-01-21 12:32:17.832 ERROR EmailNotificationProvider - [EMAIL PROVIDER] Error: La notificación debe tener un 'subject' en los metadatos del destinatario
]]></system-err>
  </testcase>
  <testcase name="shouldSupportOnlyEmailChannel" classname="com.pinapp.notify.providers.impl.EmailNotificationProviderTest" time="0.001">
    <system-err><![CDATA[2026-01-21 12:32:17.836 DEBUG EmailNotificationProvider - [EMAIL PROVIDER] Inicializado con API Key: test***
]]></system-err>
  </testcase>
  <testcase name="shouldSendEmailSuccessfully" classname="com.pinapp.notify.providers.impl.EmailNotificationProviderTest" time="0.001">
    <system-err><![CDATA[2026-01-21 12:32:17.837 DEBUG EmailNotificationProvider - [EMAIL PROVIDER] Inicializado con API Key: test***
2026-01-21 12:32:17.838 INFO EmailNotificationProvider - [EMAIL PROVIDER] Procesando notificación [id=8acc16a7-9f3a-464e-9c5c-06ce194351fd]
2026-01-21 12:32:17.838 INFO EmailNotificationProvider - [EMAIL PROVIDER] Sending to: test@example.com | Subject: Test Subject | Body: Test message | MessageId: 12b9d7e9-35d8-4004-a035-71c1a8e5749e
2026-01-21 12:32:17.838 DEBUG EmailNotificationProvider - [EMAIL PROVIDER] Priority: NORMAL | API Key configured: true
2026-01-21 12:32:17.838 INFO EmailNotificationProvider - [EMAIL PROVIDER] ✓ Email enviado exitosamente [messageId=12b9d7e9-35d8-4004-a035-71c1a8e5749e]
]]></system-err>
  </testcase>
</testsuite>