<?xml version="1.0" encoding="UTF-8"?>
<testsuite xmlns:xsi="http://www.w3.org/2001/XMLSchema-instance" xsi:noNamespaceSchemaLocation="https://maven.apache.org/surefire/maven-surefire-plugin/xsd/surefire-test-report-3.0.xsd" version="3.0" name="com.pinapp.notify.core.NotificationServiceAsyncTest" time="0.092" tests="6" errors="0" skipped="0" failures="0">
  <properties>
[...]
</properties>
  <testcase name="shouldSendNotificationAsyncSuccessfully" classname="com.pinapp.notify.core.NotificationServiceAsyncTest" time="0.067">
    <system-err><![CDATA[2026-01-21 14:08:14.057 DEBUG EmailNotificationProvider - [EMAIL PROVIDER] Inicializado con API Key: *******
2026-01-21 14:08:14.059 DEBUG PinappNotifyConfig - ExecutorService creado con pool size: 8
2026-01-21 14:08:14.060 INFO NotificationServiceImpl - NotificationServiceImpl inicializado con 1 proveedor(es) configurado(s)
2026-01-21 14:08:14.081 INFO NotificationServiceImpl - Proveedor seleccionado: 'EmailProvider' para canal EMAIL
2026-01-21 14:08:14.081 INFO EmailNotificationProvider - [EMAIL PROVIDER] Procesando notificación [id=5441493a-102f-401f-ac20-be709c078483]
2026-01-21 14:08:14.081 INFO EmailNotificationProvider - [EMAIL PROVIDER] Sending to: test@example.com | Subject: Test Async | Body: Test async message | MessageId: d3c2ddcb-9bbf-4805-b1fd-5cbdd78569ce
2026-01-21 14:08:14.082 DEBUG EmailNotificationProvider - [EMAIL PROVIDER] Priority: NORMAL | API Key configured: false
2026-01-21 14:08:14.082 INFO EmailNotificationProvider - [EMAIL PROVIDER] ✓ Email enviado exitosamente [messageId=d3c2ddcb-9bbf-4805-b1fd-5cbdd78569ce]
2026-01-21 14:08:14.082 INFO NotificationServiceImpl - Notificación [id=5441493a-102f-401f-ac20-be709c078483] enviada exitosamente por 'EmailProvider' vía EMAIL
2026-01-21 14:08:14.084 INFO PinappNotifyConfig - Iniciando shutdown del ExecutorService...
2026-01-21 14:08:14.085 INFO PinappNotifyConfig - ExecutorService cerrado exitosamente
]]></system-err>
  </testcase>
  <testcase name="shouldWorkWithoutConfiguredExecutor" classname="com.pinapp.notify.core.NotificationServiceAsyncTest" time="0.002">
    <system-err><![CDATA[2026-01-21 14:08:14.088 DEBUG EmailNotificationProvider - [EMAIL PROVIDER] Inicializado con API Key: *******
2026-01-21 14:08:14.088 DEBUG PinappNotifyConfig - ExecutorService creado con pool size: 8
2026-01-21 14:08:14.088 INFO NotificationServiceImpl - NotificationServiceImpl inicializado con 1 proveedor(es) configurado(s)
2026-01-21 14:08:14.089 DEBUG EmailNotificationProvider - [EMAIL PROVIDER] Inicializado con API Key: *******
2026-01-21 14:08:14.089 INFO NotificationServiceImpl - NotificationServiceImpl inicializado con 1 proveedor(es) configurado(s)
2026-01-21 14:08:14.089 WARN NotificationServiceImpl - No se configuró un ExecutorService dedicado. Se recomienda usar PinappNotifyConfig.builder().enableAsync() o .withExecutorService()
2026-01-21 14:08:14.089 INFO NotificationServiceImpl - Proveedor seleccionado: 'EmailProvider' para canal EMAIL
2026-01-21 14:08:14.090 INFO EmailNotificationProvider - [EMAIL PROVIDER] Procesando notificación [id=468af436-7d40-4360-b3ec-bc384d943dd2]
2026-01-21 14:08:14.090 INFO EmailNotificationProvider - [EMAIL PROVIDER] Sending to: test@example.com | Subject: Test | Body: Test | MessageId: 00b2abc4-3ce1-4155-aac6-5af66064dc92
2026-01-21 14:08:14.090 DEBUG EmailNotificationProvider - [EMAIL PROVIDER] Priority: NORMAL | API Key configured: false
2026-01-21 14:08:14.090 INFO EmailNotificationProvider - [EMAIL PROVIDER] ✓ Email enviado exitosamente [messageId=00b2abc4-3ce1-4155-aac6-5af66064dc92]
2026-01-21 14:08:14.090 INFO NotificationServiceImpl - Notificación [id=468af436-7d40-4360-b3ec-bc384d943dd2] enviada exitosamente por 'EmailProvider' vía EMAIL
2026-01-21 14:08:14.090 INFO PinappNotifyConfig - Iniciando shutdown del ExecutorService...
2026-01-21 14:08:14.090 INFO PinappNotifyConfig - ExecutorService cerrado exitosamente
]]></system-err>
  </testcase>
  <testcase name="shouldProcessCallbacksWithThenApply" classname="com.pinapp.notify.core.NotificationServiceAsyncTest" time="0.002">
    <system-err><![CDATA[2026-01-21 14:08:14.091 DEBUG EmailNotificationProvider - [EMAIL PROVIDER] Inicializado con API Key: *******
2026-01-21 14:08:14.091 DEBUG PinappNotifyConfig - ExecutorService creado con pool size: 8
2026-01-21 14:08:14.091 INFO NotificationServiceImpl - NotificationServiceImpl inicializado con 1 proveedor(es) configurado(s)
2026-01-21 14:08:14.092 INFO NotificationServiceImpl - Proveedor seleccionado: 'EmailProvider' para canal EMAIL
2026-01-21 14:08:14.092 INFO EmailNotificationProvider - [EMAIL PROVIDER] Procesando notificación [id=3162c55c-0a89-4e77-8b0d-9c855436186e]
2026-01-21 14:08:14.092 INFO EmailNotificationProvider - [EMAIL PROVIDER] Sending to: test@example.com | Subject: Test Callback | Body: Test | MessageId: f9f46219-c627-4b31-ad28-3d8094536901
2026-01-21 14:08:14.092 DEBUG EmailNotificationProvider - [EMAIL PROVIDER] Priority: NORMAL | API Key configured: false
2026-01-21 14:08:14.092 INFO EmailNotificationProvider - [EMAIL PROVIDER] ✓ Email enviado exitosamente [messageId=f9f46219-c627-4b31-ad28-3d8094536901]
2026-01-21 14:08:14.092 INFO NotificationServiceImpl - Notificación [id=3162c55c-0a89-4e77-8b0d-9c855436186e] enviada exitosamente por 'EmailProvider' vía EMAIL
2026-01-21 14:08:14.092 INFO PinappNotifyConfig - Iniciando shutdown del ExecutorService...
2026-01-21 14:08:14.092 INFO PinappNotifyConfig - ExecutorService cerrado exitosamente
]]></system-err>
  </testcase>
  <testcase name="shouldAllowFutureComposition" classname="com.pinapp.notify.core.NotificationServiceAsyncTest" time="0.002">
    <system-err><![CDATA[2026-01-21 14:08:14.093 DEBUG EmailNotificationProvider - [EMAIL PROVIDER] Inicializado con API Key: *******
2026-01-21 14:08:14.093 DEBUG PinappNotifyConfig - ExecutorService creado con pool size: 8
2026-01-21 14:08:14.093 INFO NotificationServiceImpl - NotificationServiceImpl inicializado con 1 proveedor(es) configurado(s)
2026-01-21 14:08:14.094 INFO NotificationServiceImpl - Proveedor seleccionado: 'EmailProvider' para canal EMAIL
2026-01-21 14:08:14.094 INFO EmailNotificationProvider - [EMAIL PROVIDER] Procesando notificación [id=681e860c-3827-4e61-97de-c4624345eba2]
2026-01-21 14:08:14.094 INFO EmailNotificationProvider - [EMAIL PROVIDER] Sending to: test@example.com | Subject: Test Composition | Body: Test | MessageId: 921dc3b0-a5e8-4815-90c0-6cc45ca50bed
2026-01-21 14:08:14.094 DEBUG EmailNotificationProvider - [EMAIL PROVIDER] Priority: NORMAL | API Key configured: false
2026-01-21 14:08:14.094 INFO EmailNotificationProvider - [EMAIL PROVIDER] ✓ Email enviado exitosamente [messageId=921dc3b0-a5e8-4815-90c0-6cc45ca50bed]
2026-01-21 14:08:14.094 INFO NotificationServiceImpl - Notificación [id=681e860c-3827-4e61-97de-c4624345eba2] enviada exitosamente por 'EmailProvider' vía EMAIL
2026-01-21 14:08:14.095 INFO PinappNotifyConfig - Iniciando shutdown del ExecutorService...
2026-01-21 14:08:14.095 INFO PinappNotifyConfig - ExecutorService cerrado exitosamente
]]></system-err>
  </testcase>
  <testcase name="shouldSendNotificationAsyncWithDefaultChannel" classname="com.pinapp.notify.core.NotificationServiceAsyncTest" time="0.002">
    <system-err><![CDATA[2026-01-21 14:08:14.095 DEBUG EmailNotificationProvider - [EMAIL PROVIDER] Inicializado con API Key: *******
2026-01-21 14:08:14.095 DEBUG PinappNotifyConfig - ExecutorService creado con pool size: 8
2026-01-21 14:08:14.095 INFO NotificationServiceImpl - NotificationServiceImpl inicializado con 1 proveedor(es) configurado(s)
2026-01-21 14:08:14.096 INFO NotificationServiceImpl - Canal por defecto seleccionado: EMAIL para notificación asíncrona [id=40d0d89d-8351-45f6-9f69-ff12fe34233e]
2026-01-21 14:08:14.096 INFO NotificationServiceImpl - Proveedor seleccionado: 'EmailProvider' para canal EMAIL
2026-01-21 14:08:14.096 INFO EmailNotificationProvider - [EMAIL PROVIDER] Procesando notificación [id=40d0d89d-8351-45f6-9f69-ff12fe34233e]
2026-01-21 14:08:14.096 INFO EmailNotificationProvider - [EMAIL PROVIDER] Sending to: test@example.com | Subject: Test Async Default | Body: Test message | MessageId: de85a37d-ee7c-48f1-a0e3-495856ef6f33
2026-01-21 14:08:14.096 DEBUG EmailNotificationProvider - [EMAIL PROVIDER] Priority: NORMAL | API Key configured: false
2026-01-21 14:08:14.096 INFO EmailNotificationProvider - [EMAIL PROVIDER] ✓ Email enviado exitosamente [messageId=de85a37d-ee7c-48f1-a0e3-495856ef6f33]
2026-01-21 14:08:14.096 INFO NotificationServiceImpl - Notificación [id=40d0d89d-8351-45f6-9f69-ff12fe34233e] enviada exitosamente por 'EmailProvider' vía EMAIL
2026-01-21 14:08:14.097 INFO PinappNotifyConfig - Iniciando shutdown del ExecutorService...
2026-01-21 14:08:14.097 INFO PinappNotifyConfig - ExecutorService cerrado exitosamente
]]></system-err>
  </testcase>
  <testcase name="shouldHandleMultipleAsyncSendsInParallel" classname="com.pinapp.notify.core.NotificationServiceAsyncTest" time="0.004">
    <system-err><![CDATA[2026-01-21 14:08:14.098 DEBUG EmailNotificationProvider - [EMAIL PROVIDER] Inicializado con API Key: *******
2026-01-21 14:08:14.098 DEBUG PinappNotifyConfig - ExecutorService creado con pool size: 8
2026-01-21 14:08:14.098 INFO NotificationServiceImpl - NotificationServiceImpl inicializado con 1 proveedor(es) configurado(s)
2026-01-21 14:08:14.100 INFO NotificationServiceImpl - Proveedor seleccionado: 'EmailProvider' para canal EMAIL
2026-01-21 14:08:14.100 INFO EmailNotificationProvider - [EMAIL PROVIDER] Procesando notificación [id=fbe6a1a1-1f7b-416b-8e9a-f969e042205f]
2026-01-21 14:08:14.100 INFO NotificationServiceImpl - Proveedor seleccionado: 'EmailProvider' para canal EMAIL
2026-01-21 14:08:14.100 INFO EmailNotificationProvider - [EMAIL PROVIDER] Procesando notificación [id=eac2f639-3353-44fe-8b6f-9acb6fdf7d57]
2026-01-21 14:08:14.100 INFO NotificationServiceImpl - Proveedor seleccionado: 'EmailProvider' para canal EMAIL
2026-01-21 14:08:14.100 INFO EmailNotificationProvider - [EMAIL PROVIDER] Sending to: test1@example.com | Subject: Test 1 | Body: Message 1 | MessageId: f6adc6b7-5d01-4f10-b1ba-3e524824adb2
2026-01-21 14:08:14.100 INFO NotificationServiceImpl - Proveedor seleccionado: 'EmailProvider' para canal EMAIL
2026-01-21 14:08:14.100 INFO EmailNotificationProvider - [EMAIL PROVIDER] Sending to: test0@example.com | Subject: Test 0 | Body: Message 0 | MessageId: 07616254-0b06-4115-94e4-783b9ffa4246
2026-01-21 14:08:14.100 INFO EmailNotificationProvider - [EMAIL PROVIDER] Procesando notificación [id=d28c4eb0-9c61-4701-8f01-b5cbd2680761]
2026-01-21 14:08:14.100 DEBUG EmailNotificationProvider - [EMAIL PROVIDER] Priority: NORMAL | API Key configured: false
2026-01-21 14:08:14.100 INFO EmailNotificationProvider - [EMAIL PROVIDER] Sending to: test3@example.com | Subject: Test 3 | Body: Message 3 | MessageId: 372a6370-516a-47ec-8777-e023628862a8
2026-01-21 14:08:14.100 DEBUG EmailNotificationProvider - [EMAIL PROVIDER] Priority: NORMAL | API Key configured: false
2026-01-21 14:08:14.100 INFO NotificationServiceImpl - Proveedor seleccionado: 'EmailProvider' para canal EMAIL
2026-01-21 14:08:14.100 INFO EmailNotificationProvider - [EMAIL PROVIDER] Procesando notificación [id=7a142013-fff6-482d-8437-393971e52114]
2026-01-21 14:08:14.100 INFO NotificationServiceImpl - Proveedor seleccionado: 'EmailProvider' para canal EMAIL
2026-01-21 14:08:14.100 INFO EmailNotificationProvider - [EMAIL PROVIDER] Procesando notificación [id=c982e890-669a-4e6b-8598-05fe4417d6e9]
2026-01-21 14:08:14.100 INFO EmailNotificationProvider - [EMAIL PROVIDER] ✓ Email enviado exitosamente [messageId=07616254-0b06-4115-94e4-783b9ffa4246]
2026-01-21 14:08:14.100 DEBUG EmailNotificationProvider - [EMAIL PROVIDER] Priority: NORMAL | API Key configured: false
2026-01-21 14:08:14.100 INFO EmailNotificationProvider - [EMAIL PROVIDER] ✓ Email enviado exitosamente [messageId=f6adc6b7-5d01-4f10-b1ba-3e524824adb2]
2026-01-21 14:08:14.100 INFO NotificationServiceImpl - Proveedor seleccionado: 'EmailProvider' para canal EMAIL
2026-01-21 14:08:14.101 INFO EmailNotificationProvider - [EMAIL PROVIDER] ✓ Email enviado exitosamente [messageId=372a6370-516a-47ec-8777-e023628862a8]
2026-01-21 14:08:14.101 INFO NotificationServiceImpl - Notificación [id=fbe6a1a1-1f7b-416b-8e9a-f969e042205f] enviada exitosamente por 'EmailProvider' vía EMAIL
2026-01-21 14:08:14.100 INFO NotificationServiceImpl - Proveedor seleccionado: 'EmailProvider' para canal EMAIL
2026-01-21 14:08:14.101 INFO EmailNotificationProvider - [EMAIL PROVIDER] Sending to: test4@example.com | Subject: Test 4 | Body: Message 4 | MessageId: cc79e424-b848-4a50-9432-bcde7fb33283
2026-01-21 14:08:14.100 INFO EmailNotificationProvider - [EMAIL PROVIDER] Procesando notificación [id=c1dc2228-733e-44c8-9716-17420086ba00]
2026-01-21 14:08:14.100 INFO EmailNotificationProvider - [EMAIL PROVIDER] Sending to: test2@example.com | Subject: Test 2 | Body: Message 2 | MessageId: b41e812a-4eb7-40a5-9433-01c00d053a0a
2026-01-21 14:08:14.101 DEBUG EmailNotificationProvider - [EMAIL PROVIDER] Priority: NORMAL | API Key configured: false
2026-01-21 14:08:14.101 INFO EmailNotificationProvider - [EMAIL PROVIDER] Procesando notificación [id=07f228ef-8a53-488c-a417-9479469e36f7]
2026-01-21 14:08:14.101 INFO NotificationServiceImpl - Proveedor seleccionado: 'EmailProvider' para canal EMAIL
2026-01-21 14:08:14.101 INFO NotificationServiceImpl - Notificación [id=d28c4eb0-9c61-4701-8f01-b5cbd2680761] enviada exitosamente por 'EmailProvider' vía EMAIL
2026-01-21 14:08:14.101 INFO NotificationServiceImpl - Notificación [id=eac2f639-3353-44fe-8b6f-9acb6fdf7d57] enviada exitosamente por 'EmailProvider' vía EMAIL
2026-01-21 14:08:14.101 INFO EmailNotificationProvider - [EMAIL PROVIDER] Procesando notificación [id=e842e190-96d0-416d-91f9-f241ee00284a]
2026-01-21 14:08:14.101 INFO NotificationServiceImpl - Proveedor seleccionado: 'EmailProvider' para canal EMAIL
2026-01-21 14:08:14.101 INFO EmailNotificationProvider - [EMAIL PROVIDER] Sending to: test7@example.com | Subject: Test 7 | Body: Message 7 | MessageId: a15340ab-2dc5-4f7f-bf92-d983eb8fbbaf
2026-01-21 14:08:14.101 INFO EmailNotificationProvider - [EMAIL PROVIDER] Procesando notificación [id=a7419721-261b-4a0e-b08b-7d4aae1a8065]
2026-01-21 14:08:14.101 INFO EmailNotificationProvider - [EMAIL PROVIDER] ✓ Email enviado exitosamente [messageId=cc79e424-b848-4a50-9432-bcde7fb33283]
2026-01-21 14:08:14.101 DEBUG EmailNotificationProvider - [EMAIL PROVIDER] Priority: NORMAL | API Key configured: false
2026-01-21 14:08:14.101 INFO EmailNotificationProvider - [EMAIL PROVIDER] Sending to: test6@example.com | Subject: Test 6 | Body: Message 6 | MessageId: 36734a2d-a3a5-48f0-beb0-e9961648a829
2026-01-21 14:08:14.101 INFO EmailNotificationProvider - [EMAIL PROVIDER] Sending to: test8@example.com | Subject: Test 8 | Body: Message 8 | MessageId: 5789a694-729b-473f-9bc2-11451509d5a8
2026-01-21 14:08:14.101 INFO NotificationServiceImpl - Notificación [id=c982e890-669a-4e6b-8598-05fe4417d6e9] enviada exitosamente por 'EmailProvider' vía EMAIL
2026-01-21 14:08:14.101 DEBUG EmailNotificationProvider - [EMAIL PROVIDER] Priority: NORMAL | API Key configured: false
2026-01-21 14:08:14.101 INFO EmailNotificationProvider - [EMAIL PROVIDER] Procesando notificación [id=b87510a7-0fc3-4f64-8b18-afcd33173e50]
2026-01-21 14:08:14.101 INFO EmailNotificationProvider - [EMAIL PROVIDER] Sending to: test5@example.com | Subject: Test 5 | Body: Message 5 | MessageId: 0d499620-6310-4134-a11e-6094988aa4f3
2026-01-21 14:08:14.101 INFO EmailNotificationProvider - [EMAIL PROVIDER] ✓ Email enviado exitosamente [messageId=a15340ab-2dc5-4f7f-bf92-d983eb8fbbaf]
2026-01-21 14:08:14.101 DEBUG EmailNotificationProvider - [EMAIL PROVIDER] Priority: NORMAL | API Key configured: false
2026-01-21 14:08:14.101 DEBUG EmailNotificationProvider - [EMAIL PROVIDER] Priority: NORMAL | API Key configured: false
2026-01-21 14:08:14.101 INFO EmailNotificationProvider - [EMAIL PROVIDER] ✓ Email enviado exitosamente [messageId=5789a694-729b-473f-9bc2-11451509d5a8]
2026-01-21 14:08:14.101 INFO EmailNotificationProvider - [EMAIL PROVIDER] ✓ Email enviado exitosamente [messageId=b41e812a-4eb7-40a5-9433-01c00d053a0a]
2026-01-21 14:08:14.101 INFO NotificationServiceImpl - Notificación [id=a7419721-261b-4a0e-b08b-7d4aae1a8065] enviada exitosamente por 'EmailProvider' vía EMAIL
2026-01-21 14:08:14.101 INFO NotificationServiceImpl - Notificación [id=7a142013-fff6-482d-8437-393971e52114] enviada exitosamente por 'EmailProvider' vía EMAIL
2026-01-21 14:08:14.101 INFO EmailNotificationProvider - [EMAIL PROVIDER] ✓ Email enviado exitosamente [messageId=36734a2d-a3a5-48f0-beb0-e9961648a829]
2026-01-21 14:08:14.101 INFO NotificationServiceImpl - Notificación [id=07f228ef-8a53-488c-a417-9479469e36f7] enviada exitosamente por 'EmailProvider' vía EMAIL
2026-01-21 14:08:14.101 INFO NotificationServiceImpl - Notificación [id=c1dc2228-733e-44c8-9716-17420086ba00] enviada exitosamente por 'EmailProvider' vía EMAIL
2026-01-21 14:08:14.101 DEBUG EmailNotificationProvider - [EMAIL PROVIDER] Priority: NORMAL | API Key configured: false
2026-01-21 14:08:14.101 INFO EmailNotificationProvider - [EMAIL PROVIDER] Sending to: test9@example.com | Subject: Test 9 | Body: Message 9 | MessageId: 25944294-a22b-452e-9d09-3a591cb26505
2026-01-21 14:08:14.102 INFO EmailNotificationProvider - [EMAIL PROVIDER] ✓ Email enviado exitosamente [messageId=0d499620-6310-4134-a11e-6094988aa4f3]
2026-01-21 14:08:14.102 DEBUG EmailNotificationProvider - [EMAIL PROVIDER] Priority: NORMAL | API Key configured: false
2026-01-21 14:08:14.102 INFO NotificationServiceImpl - Notificación [id=e842e190-96d0-416d-91f9-f241ee00284a] enviada exitosamente por 'EmailProvider' vía EMAIL
2026-01-21 14:08:14.102 INFO EmailNotificationProvider - [EMAIL PROVIDER] ✓ Email enviado exitosamente [messageId=25944294-a22b-452e-9d09-3a591cb26505]
2026-01-21 14:08:14.102 INFO NotificationServiceImpl - Notificación [id=b87510a7-0fc3-4f64-8b18-afcd33173e50] enviada exitosamente por 'EmailProvider' vía EMAIL
2026-01-21 14:08:14.102 INFO PinappNotifyConfig - Iniciando shutdown del ExecutorService...
2026-01-21 14:08:14.102 INFO PinappNotifyConfig - ExecutorService cerrado exitosamente
]]></system-err>
  </testcase>
</testsuite>