<?xml version="1.0" encoding="UTF-8"?>
<testsuite xmlns:xsi="http://www.w3.org/2001/XMLSchema-instance" xsi:noNamespaceSchemaLocation="https://maven.apache.org/surefire/maven-surefire-plugin/xsd/surefire-test-report-3.0.xsd" version="3.0" name="com.pinapp.notify.adapters.email.EmailNotificationProviderTest" time="0.012" tests="9" errors="0" skipped="0" failures="0">
  <properties>
[...]
</properties>
  <testcase name="shouldWorkWithDefaultConstructor" classname="com.pinapp.notify.adapters.email.EmailNotificationProviderTest" time="0.002">
    <system-err><![CDATA[2026-01-21 14:08:16.926 DEBUG EmailNotificationProvider - [EMAIL PROVIDER] Inicializado con API Key: test***
2026-01-21 14:08:16.926 DEBUG EmailNotificationProvider - [EMAIL PROVIDER] Inicializado con API Key: *******
2026-01-21 14:08:16.926 INFO EmailNotificationProvider - [EMAIL PROVIDER] Procesando notificación [id=f82c7bdf-0358-465b-82e6-7c316add9af1]
2026-01-21 14:08:16.926 INFO EmailNotificationProvider - [EMAIL PROVIDER] Sending to: test@example.com | Subject: Test Subject | Body: Test message | MessageId: 08a36a6b-fc62-4157-94d3-a55668659f63
2026-01-21 14:08:16.926 DEBUG EmailNotificationProvider - [EMAIL PROVIDER] Priority: NORMAL | API Key configured: false
2026-01-21 14:08:16.927 INFO EmailNotificationProvider - [EMAIL PROVIDER] ✓ Email enviado exitosamente [messageId=08a36a6b-fc62-4157-94d3-a55668659f63]
]]></system-err>
  </testcase>
  <testcase name="shouldReturnCorrectProviderName" classname="com.pinapp.notify.adapters.email.EmailNotificationProviderTest" time="0.001">
    <system-err><![CDATA[2026-01-21 14:08:16.928 DEBUG EmailNotificationProvider - [EMAIL PROVIDER] Inicializado con API Key: test***
]]></system-err>
  </testcase>
  <testcase name="shouldHandleLongMessages" classname="com.pinapp.notify.adapters.email.EmailNotificationProviderTest" time="0.001">
    <system-err><![CDATA[2026-01-21 14:08:16.928 DEBUG EmailNotificationProvider - [EMAIL PROVIDER] Inicializado con API Key: test***
2026-01-21 14:08:16.928 INFO EmailNotificationProvider - [EMAIL PROVIDER] Procesando notificación [id=e3d15df7-e47f-42bb-92b8-fbb7bad1a841]
2026-01-21 14:08:16.929 INFO EmailNotificationProvider - [EMAIL PROVIDER] Sending to: test@example.com | Subject: Long Message Test | Body: AAAAAAAAAAAAAAAAAAAAAAAAAAAAAAAAAAAAAAAAAAAAAAAAAAAAAAAAAAAAAAAAAAAAAAAAAAAAAAAAAAAAAAAAAAAAAAAAAAAA... | MessageId: e068d0ab-d614-416d-be4c-523082c4506a
2026-01-21 14:08:16.929 DEBUG EmailNotificationProvider - [EMAIL PROVIDER] Priority: HIGH | API Key configured: true
2026-01-21 14:08:16.929 INFO EmailNotificationProvider - [EMAIL PROVIDER] ✓ Email enviado exitosamente [messageId=e068d0ab-d614-416d-be4c-523082c4506a]
]]></system-err>
  </testcase>
  <testcase name="shouldThrowExceptionWhenEmailIsBlank" classname="com.pinapp.notify.adapters.email.EmailNotificationProviderTest" time="0.001">
    <system-err><![CDATA[2026-01-21 14:08:16.930 DEBUG EmailNotificationProvider - [EMAIL PROVIDER] Inicializado con API Key: test***
2026-01-21 14:08:16.930 INFO EmailNotificationProvider - [EMAIL PROVIDER] Procesando notificación [id=562f5232-755e-4d71-8710-92637ecf7f7a]
2026-01-21 14:08:16.930 ERROR EmailNotificationProvider - [EMAIL PROVIDER] Error: El destinatario no tiene una dirección de email válida
]]></system-err>
  </testcase>
  <testcase name="shouldThrowExceptionWhenEmailIsNull" classname="com.pinapp.notify.adapters.email.EmailNotificationProviderTest" time="0.002">
    <system-err><![CDATA[2026-01-21 14:08:16.931 DEBUG EmailNotificationProvider - [EMAIL PROVIDER] Inicializado con API Key: test***
2026-01-21 14:08:16.932 INFO EmailNotificationProvider - [EMAIL PROVIDER] Procesando notificación [id=a203eede-1ac9-405e-b306-13017f444547]
2026-01-21 14:08:16.932 ERROR EmailNotificationProvider - [EMAIL PROVIDER] Error: El destinatario no tiene una dirección de email válida
]]></system-err>
  </testcase>
  <testcase name="shouldThrowExceptionWhenSubjectIsMissing" classname="com.pinapp.notify.adapters.email.EmailNotificationProviderTest" time="0.001">
    <system-err><![CDATA[2026-01-21 14:08:16.934 DEBUG EmailNotificationProvider - [EMAIL PROVIDER] Inicializado con API Key: test***
2026-01-21 14:08:16.935 INFO EmailNotificationProvider - [EMAIL PROVIDER] Procesando notificación [id=c3850153-5dc2-4034-a245-b327a2713bbd]
2026-01-21 14:08:16.935 ERROR EmailNotificationProvider - [EMAIL PROVIDER] Error: La notificación debe tener un 'subject' en los metadatos del destinatario
]]></system-err>
  </testcase>
  <testcase name="shouldThrowExceptionWhenSubjectIsBlank" classname="com.pinapp.notify.adapters.email.EmailNotificationProviderTest" time="0.001">
    <system-err><![CDATA[2026-01-21 14:08:16.936 DEBUG EmailNotificationProvider - [EMAIL PROVIDER] Inicializado con API Key: test***
2026-01-21 14:08:16.936 INFO EmailNotificationProvider - [EMAIL PROVIDER] Procesando notificación [id=fa9f9fb6-cba4-448c-9696-ee162ff92742]
2026-01-21 14:08:16.936 ERROR EmailNotificationProvider - [EMAIL PROVIDER] Error: La notificación debe tener un 'subject' en los metadatos del destinatario
]]></system-err>
  </testcase>
  <testcase name="shouldSupportOnlyEmailChannel" classname="com.pinapp.notify.adapters.email.EmailNotificationProviderTest" time="0.001">
    <system-err><![CDATA[2026-01-21 14:08:16.936 DEBUG EmailNotificationProvider - [EMAIL PROVIDER] Inicializado con API Key: test***
]]></system-err>
  </testcase>
  <testcase name="shouldSendEmailSuccessfully" classname="com.pinapp.notify.adapters.email.EmailNotificationProviderTest" time="0.0">
    <system-err><![CDATA[2026-01-21 14:08:16.937 DEBUG EmailNotificationProvider - [EMAIL PROVIDER] Inicializado con API Key: test***
2026-01-21 14:08:16.937 INFO EmailNotificationProvider - [EMAIL PROVIDER] Procesando notificación [id=a6f2c394-129b-41fa-9921-8cc015143a5d]
2026-01-21 14:08:16.937 INFO EmailNotificationProvider - [EMAIL PROVIDER] Sending to: test@example.com | Subject: Test Subject | Body: Test message | MessageId: 799e369b-3d9e-49c9-8c0d-95ee76d4751e
2026-01-21 14:08:16.937 DEBUG EmailNotificationProvider - [EMAIL PROVIDER] Priority: NORMAL | API Key configured: true
2026-01-21 14:08:16.937 INFO EmailNotificationProvider - [EMAIL PROVIDER] ✓ Email enviado exitosamente [messageId=799e369b-3d9e-49c9-8c0d-95ee76d4751e]
]]></system-err>
  </testcase>
</testsuite>