<?xml version="1.0" encoding="UTF-8"?>
<testsuite xmlns:xsi="http://www.w3.org/2001/XMLSchema-instance" xsi:noNamespaceSchemaLocation="https://maven.apache.org/surefire/maven-surefire-plugin/xsd/surefire-test-report-3.0.xsd" version="3.0" name="com.pinapp.notify.core.NotificationServiceRetryTest" time="2.769" tests="5" errors="0" skipped="0" failures="0">
  <properties>
[...]
</properties>
  <testcase name="shouldUseDefaultRetryPolicyIfNotConfigured" classname="com.pinapp.notify.core.NotificationServiceRetryTest" time="2.017">
    <system-err><![CDATA[2026-01-21 14:08:14.105 INFO NotificationServiceImpl - NotificationServiceImpl inicializado con 1 proveedor(es) configurado(s)
2026-01-21 14:08:14.105 INFO NotificationServiceImpl - Proveedor seleccionado: 'Provider' para canal EMAIL
2026-01-21 14:08:14.106 WARN NotificationServiceImpl - Error del proveedor 'Provider' en intento 1/3 para notificación [id=4acc3225-3c76-4b01-a6e0-8bf2f661abae]: Error en el proveedor 'Provider': Error
2026-01-21 14:08:14.106 INFO NotificationServiceImpl - Reintento 2/3 para notificación [id=4acc3225-3c76-4b01-a6e0-8bf2f661abae] después de 1000ms
2026-01-21 14:08:15.110 WARN NotificationServiceImpl - Error del proveedor 'Provider' en intento 2/3 para notificación [id=4acc3225-3c76-4b01-a6e0-8bf2f661abae]: Error en el proveedor 'Provider': Error
2026-01-21 14:08:15.111 INFO NotificationServiceImpl - Reintento 3/3 para notificación [id=4acc3225-3c76-4b01-a6e0-8bf2f661abae] después de 1000ms
2026-01-21 14:08:16.117 INFO NotificationServiceImpl - Notificación [id=4acc3225-3c76-4b01-a6e0-8bf2f661abae] enviada exitosamente en el intento 3/3
]]></system-err>
  </testcase>
  <testcase name="shouldWorkWithoutRetriesWhenConfiguredNoRetry" classname="com.pinapp.notify.core.NotificationServiceRetryTest" time="0.004">
    <system-err><![CDATA[2026-01-21 14:08:16.127 INFO NotificationServiceImpl - NotificationServiceImpl inicializado con 1 proveedor(es) configurado(s)
2026-01-21 14:08:16.127 INFO NotificationServiceImpl - Proveedor seleccionado: 'Provider' para canal EMAIL
2026-01-21 14:08:16.127 WARN NotificationServiceImpl - Error del proveedor 'Provider' en intento 1/1 para notificación [id=4e87ca48-d84a-4279-b24c-b716d353feb8]: Error en el proveedor 'Provider': Error
2026-01-21 14:08:16.128 ERROR NotificationServiceImpl - Notificación [id=4e87ca48-d84a-4279-b24c-b716d353feb8] falló después de 1 intentos: Error en el proveedor 'Provider': Error
]]></system-err>
  </testcase>
  <testcase name="shouldFailAfterExhaustingAllRetries" classname="com.pinapp.notify.core.NotificationServiceRetryTest" time="0.113">
    <system-err><![CDATA[2026-01-21 14:08:16.131 INFO NotificationServiceImpl - NotificationServiceImpl inicializado con 1 proveedor(es) configurado(s)
2026-01-21 14:08:16.131 INFO NotificationServiceImpl - Proveedor seleccionado: 'AlwaysFailProvider' para canal EMAIL
2026-01-21 14:08:16.132 WARN NotificationServiceImpl - Error del proveedor 'AlwaysFailProvider' en intento 1/3 para notificación [id=83cb2406-49d4-4772-beaa-9658c51c8c61]: Error en el proveedor 'AlwaysFailProvider': Siempre falla
2026-01-21 14:08:16.132 INFO NotificationServiceImpl - Reintento 2/3 para notificación [id=83cb2406-49d4-4772-beaa-9658c51c8c61] después de 50ms
2026-01-21 14:08:16.187 WARN NotificationServiceImpl - Error del proveedor 'AlwaysFailProvider' en intento 2/3 para notificación [id=83cb2406-49d4-4772-beaa-9658c51c8c61]: Error en el proveedor 'AlwaysFailProvider': Siempre falla
2026-01-21 14:08:16.187 INFO NotificationServiceImpl - Reintento 3/3 para notificación [id=83cb2406-49d4-4772-beaa-9658c51c8c61] después de 50ms
2026-01-21 14:08:16.243 WARN NotificationServiceImpl - Error del proveedor 'AlwaysFailProvider' en intento 3/3 para notificación [id=83cb2406-49d4-4772-beaa-9658c51c8c61]: Error en el proveedor 'AlwaysFailProvider': Siempre falla
2026-01-21 14:08:16.243 ERROR NotificationServiceImpl - Notificación [id=83cb2406-49d4-4772-beaa-9658c51c8c61] falló después de 3 intentos: Error en el proveedor 'AlwaysFailProvider': Siempre falla
]]></system-err>
  </testcase>
  <testcase name="shouldRetryWhenProviderFails" classname="com.pinapp.notify.core.NotificationServiceRetryTest" time="0.215">
    <system-err><![CDATA[2026-01-21 14:08:16.247 INFO NotificationServiceImpl - NotificationServiceImpl inicializado con 1 proveedor(es) configurado(s)
2026-01-21 14:08:16.247 INFO NotificationServiceImpl - Proveedor seleccionado: 'FlakeyProvider' para canal EMAIL
2026-01-21 14:08:16.247 WARN NotificationServiceImpl - Error del proveedor 'FlakeyProvider' en intento 1/3 para notificación [id=c806db93-14e1-46cb-8d7f-a6a957064ae6]: Error en el proveedor 'FlakeyProvider': Fallo simulado intento 1
2026-01-21 14:08:16.248 INFO NotificationServiceImpl - Reintento 2/3 para notificación [id=c806db93-14e1-46cb-8d7f-a6a957064ae6] después de 100ms
2026-01-21 14:08:16.352 WARN NotificationServiceImpl - Error del proveedor 'FlakeyProvider' en intento 2/3 para notificación [id=c806db93-14e1-46cb-8d7f-a6a957064ae6]: Error en el proveedor 'FlakeyProvider': Fallo simulado intento 2
2026-01-21 14:08:16.352 INFO NotificationServiceImpl - Reintento 3/3 para notificación [id=c806db93-14e1-46cb-8d7f-a6a957064ae6] después de 100ms
2026-01-21 14:08:16.457 INFO NotificationServiceImpl - Notificación [id=c806db93-14e1-46cb-8d7f-a6a957064ae6] enviada exitosamente en el intento 3/3
]]></system-err>
  </testcase>
  <testcase name="shouldRespectDelayBetweenRetries" classname="com.pinapp.notify.core.NotificationServiceRetryTest" time="0.411">
    <system-err><![CDATA[2026-01-21 14:08:16.464 INFO NotificationServiceImpl - NotificationServiceImpl inicializado con 1 proveedor(es) configurado(s)
2026-01-21 14:08:16.464 INFO NotificationServiceImpl - Proveedor seleccionado: 'Provider' para canal EMAIL
2026-01-21 14:08:16.465 WARN NotificationServiceImpl - Error del proveedor 'Provider' en intento 1/3 para notificación [id=c01bbd70-343f-4e55-9819-01529e16054e]: Error en el proveedor 'Provider': Error intento 1
2026-01-21 14:08:16.465 INFO NotificationServiceImpl - Reintento 2/3 para notificación [id=c01bbd70-343f-4e55-9819-01529e16054e] después de 200ms
2026-01-21 14:08:16.669 WARN NotificationServiceImpl - Error del proveedor 'Provider' en intento 2/3 para notificación [id=c01bbd70-343f-4e55-9819-01529e16054e]: Error en el proveedor 'Provider': Error intento 2
2026-01-21 14:08:16.670 INFO NotificationServiceImpl - Reintento 3/3 para notificación [id=c01bbd70-343f-4e55-9819-01529e16054e] después de 200ms
2026-01-21 14:08:16.871 INFO NotificationServiceImpl - Notificación [id=c01bbd70-343f-4e55-9819-01529e16054e] enviada exitosamente en el intento 3/3
]]></system-err>
  </testcase>
</testsuite>