<?xml version="1.0" encoding="UTF-8"?>
<testsuite xmlns:xsi="http://www.w3.org/2001/XMLSchema-instance" xsi:noNamespaceSchemaLocation="https://maven.apache.org/surefire/maven-surefire-plugin/xsd/surefire-test-report-3.0.xsd" version="3.0" name="com.pinapp.notify.adapters.email.EmailNotificationProviderTest" time="0.014" tests="9" errors="0" skipped="0" failures="0">
  <properties>
[...]
</properties>
  <testcase name="shouldWorkWithDefaultConstructor" classname="com.pinapp.notify.adapters.email.EmailNotificationProviderTest" time="0.001">
    <system-err><![CDATA[2026-01-21 14:38:32.609 DEBUG EmailNotificationProvider - [EMAIL PROVIDER] Inicializado con API Key: test***
2026-01-21 14:38:32.610 DEBUG EmailNotificationProvider - [EMAIL PROVIDER] Inicializado con API Key: *******
2026-01-21 14:38:32.610 INFO EmailNotificationProvider - [EMAIL PROVIDER] Procesando notificación [id=99e9816c-0f26-4495-9122-8d5acd9a49a3]
2026-01-21 14:38:32.610 INFO EmailNotificationProvider - [EMAIL PROVIDER] Sending to: test@example.com | Subject: Test Subject | Body: Test message | MessageId: f79eaf23-68bc-4d28-ae59-9f154f09cb8e
2026-01-21 14:38:32.610 DEBUG EmailNotificationProvider - [EMAIL PROVIDER] Priority: NORMAL | API Key configured: false
2026-01-21 14:38:32.610 INFO EmailNotificationProvider - [EMAIL PROVIDER] ✓ Email enviado exitosamente [messageId=f79eaf23-68bc-4d28-ae59-9f154f09cb8e]
]]></system-err>
  </testcase>
  <testcase name="shouldReturnCorrectProviderName" classname="com.pinapp.notify.adapters.email.EmailNotificationProviderTest" time="0.001">
    <system-err><![CDATA[2026-01-21 14:38:32.612 DEBUG EmailNotificationProvider - [EMAIL PROVIDER] Inicializado con API Key: test***
]]></system-err>
  </testcase>
  <testcase name="shouldHandleLongMessages" classname="com.pinapp.notify.adapters.email.EmailNotificationProviderTest" time="0.0">
    <system-err><![CDATA[2026-01-21 14:38:32.613 DEBUG EmailNotificationProvider - [EMAIL PROVIDER] Inicializado con API Key: test***
2026-01-21 14:38:32.613 INFO EmailNotificationProvider - [EMAIL PROVIDER] Procesando notificación [id=1932a68b-756b-4243-a813-5551a62c4cd1]
2026-01-21 14:38:32.613 INFO EmailNotificationProvider - [EMAIL PROVIDER] Sending to: test@example.com | Subject: Long Message Test | Body: AAAAAAAAAAAAAAAAAAAAAAAAAAAAAAAAAAAAAAAAAAAAAAAAAAAAAAAAAAAAAAAAAAAAAAAAAAAAAAAAAAAAAAAAAAAAAAAAAAAA... | MessageId: 39f1605f-6ec2-4ed8-84f6-c7c236c288fa
2026-01-21 14:38:32.613 DEBUG EmailNotificationProvider - [EMAIL PROVIDER] Priority: HIGH | API Key configured: true
2026-01-21 14:38:32.613 INFO EmailNotificationProvider - [EMAIL PROVIDER] ✓ Email enviado exitosamente [messageId=39f1605f-6ec2-4ed8-84f6-c7c236c288fa]
]]></system-err>
  </testcase>
  <testcase name="shouldThrowExceptionWhenEmailIsBlank" classname="com.pinapp.notify.adapters.email.EmailNotificationProviderTest" time="0.001">
    <system-err><![CDATA[2026-01-21 14:38:32.614 DEBUG EmailNotificationProvider - [EMAIL PROVIDER] Inicializado con API Key: test***
2026-01-21 14:38:32.614 INFO EmailNotificationProvider - [EMAIL PROVIDER] Procesando notificación [id=d985f6fe-095c-46a2-aa71-fcc938cc4f81]
2026-01-21 14:38:32.614 ERROR EmailNotificationProvider - [EMAIL PROVIDER] Error: El destinatario no tiene una dirección de email válida
]]></system-err>
  </testcase>
  <testcase name="shouldThrowExceptionWhenEmailIsNull" classname="com.pinapp.notify.adapters.email.EmailNotificationProviderTest" time="0.001">
    <system-err><![CDATA[2026-01-21 14:38:32.616 DEBUG EmailNotificationProvider - [EMAIL PROVIDER] Inicializado con API Key: test***
2026-01-21 14:38:32.617 INFO EmailNotificationProvider - [EMAIL PROVIDER] Procesando notificación [id=f13fc9e2-70a7-4658-95dd-896b789d411c]
2026-01-21 14:38:32.617 ERROR EmailNotificationProvider - [EMAIL PROVIDER] Error: El destinatario no tiene una dirección de email válida
]]></system-err>
  </testcase>
  <testcase name="shouldThrowExceptionWhenSubjectIsMissing" classname="com.pinapp.notify.adapters.email.EmailNotificationProviderTest" time="0.0">
    <system-err><![CDATA[2026-01-21 14:38:32.618 DEBUG EmailNotificationProvider - [EMAIL PROVIDER] Inicializado con API Key: test***
2026-01-21 14:38:32.618 INFO EmailNotificationProvider - [EMAIL PROVIDER] Procesando notificación [id=5e418645-d2e2-47b3-857f-40c282278061]
2026-01-21 14:38:32.618 ERROR EmailNotificationProvider - [EMAIL PROVIDER] Error: La notificación debe tener un 'subject' en los metadatos del destinatario
]]></system-err>
  </testcase>
  <testcase name="shouldThrowExceptionWhenSubjectIsBlank" classname="com.pinapp.notify.adapters.email.EmailNotificationProviderTest" time="0.002">
    <system-err><![CDATA[2026-01-21 14:38:32.619 DEBUG EmailNotificationProvider - [EMAIL PROVIDER] Inicializado con API Key: test***
2026-01-21 14:38:32.621 INFO EmailNotificationProvider - [EMAIL PROVIDER] Procesando notificación [id=6aaa3172-de5a-49aa-a83b-145c4eadd9e4]
2026-01-21 14:38:32.621 ERROR EmailNotificationProvider - [EMAIL PROVIDER] Error: La notificación debe tener un 'subject' en los metadatos del destinatario
]]></system-err>
  </testcase>
  <testcase name="shouldSupportOnlyEmailChannel" classname="com.pinapp.notify.adapters.email.EmailNotificationProviderTest" time="0.001">
    <system-err><![CDATA[2026-01-21 14:38:32.622 DEBUG EmailNotificationProvider - [EMAIL PROVIDER] Inicializado con API Key: test***
]]></system-err>
  </testcase>
  <testcase name="shouldSendEmailSuccessfully" classname="com.pinapp.notify.adapters.email.EmailNotificationProviderTest" time="0.0">
    <system-err><![CDATA[2026-01-21 14:38:32.622 DEBUG EmailNotificationProvider - [EMAIL PROVIDER] Inicializado con API Key: test***
2026-01-21 14:38:32.622 INFO EmailNotificationProvider - [EMAIL PROVIDER] Procesando notificación [id=dd21b28f-e30e-4545-8161-04a982d0020b]
2026-01-21 14:38:32.622 INFO EmailNotificationProvider - [EMAIL PROVIDER] Sending to: test@example.com | Subject: Test Subject | Body: Test message | MessageId: b4efa5e5-afc3-4b65-ab1b-5890ce901f12
2026-01-21 14:38:32.622 DEBUG EmailNotificationProvider - [EMAIL PROVIDER] Priority: NORMAL | API Key configured: true
2026-01-21 14:38:32.622 INFO EmailNotificationProvider - [EMAIL PROVIDER] ✓ Email enviado exitosamente [messageId=b4efa5e5-afc3-4b65-ab1b-5890ce901f12]
]]></system-err>
  </testcase>
</testsuite>