<?xml version="1.0" encoding="UTF-8"?>
<testsuite xmlns:xsi="http://www.w3.org/2001/XMLSchema-instance" xsi:noNamespaceSchemaLocation="https://maven.apache.org/surefire/maven-surefire-plugin/xsd/surefire-test-report-3.0.xsd" version="3.0" name="com.pinapp.notify.adapters.sms.SmsNotificationProviderTest" time="0.024" tests="10" errors="0" skipped="0" failures="0">
  <properties>
[...]
</properties>
  <testcase name="shouldSendSmsSuccessfully" classname="com.pinapp.notify.adapters.sms.SmsNotificationProviderTest" time="0.003">
    <system-err><![CDATA[2026-01-21 14:38:32.558 DEBUG SmsNotificationProvider - [SMS PROVIDER] Inicializado con API Key: test*** | SenderId: TestApp
2026-01-21 14:38:32.558 INFO SmsNotificationProvider - [SMS PROVIDER] Procesando notificación [id=4588bb8d-6139-4ddd-8b13-d752a81a8dd5]
2026-01-21 14:38:32.558 INFO SmsNotificationProvider - [SMS PROVIDER] Sending to: +56912345678 | From: TestApp | Message: Test SMS message | MessageId: 6682e6b8-f08f-4c03-a079-950596cf40ee
2026-01-21 14:38:32.559 DEBUG SmsNotificationProvider - [SMS PROVIDER] Priority: CRITICAL | Message length: 16 chars | API Key configured: true
2026-01-21 14:38:32.559 INFO SmsNotificationProvider - [SMS PROVIDER] ✓ SMS enviado exitosamente [messageId=6682e6b8-f08f-4c03-a079-950596cf40ee]
]]></system-err>
  </testcase>
  <testcase name="shouldThrowExceptionWhenPhoneIsNull" classname="com.pinapp.notify.adapters.sms.SmsNotificationProviderTest" time="0.001">
    <system-err><![CDATA[2026-01-21 14:38:32.561 DEBUG SmsNotificationProvider - [SMS PROVIDER] Inicializado con API Key: test*** | SenderId: TestApp
2026-01-21 14:38:32.561 INFO SmsNotificationProvider - [SMS PROVIDER] Procesando notificación [id=e6ee8f25-1695-4a91-89b9-f2f060ce1d92]
2026-01-21 14:38:32.561 ERROR SmsNotificationProvider - [SMS PROVIDER] Error: El destinatario no tiene un número de teléfono válido
]]></system-err>
  </testcase>
  <testcase name="shouldWorkWithDefaultConstructor" classname="com.pinapp.notify.adapters.sms.SmsNotificationProviderTest" time="0.001">
    <system-err><![CDATA[2026-01-21 14:38:32.562 DEBUG SmsNotificationProvider - [SMS PROVIDER] Inicializado con API Key: test*** | SenderId: TestApp
2026-01-21 14:38:32.562 DEBUG SmsNotificationProvider - [SMS PROVIDER] Inicializado con API Key: ******* | SenderId: PinApp
2026-01-21 14:38:32.562 INFO SmsNotificationProvider - [SMS PROVIDER] Procesando notificación [id=fea61bbe-314b-4ced-af38-cb437dac200e]
2026-01-21 14:38:32.562 INFO SmsNotificationProvider - [SMS PROVIDER] Sending to: +56912345678 | From: PinApp | Message: Test message | MessageId: 0e78fb5c-cdfb-48ef-9aa6-279c44101496
2026-01-21 14:38:32.562 DEBUG SmsNotificationProvider - [SMS PROVIDER] Priority: NORMAL | Message length: 12 chars | API Key configured: false
2026-01-21 14:38:32.563 INFO SmsNotificationProvider - [SMS PROVIDER] ✓ SMS enviado exitosamente [messageId=0e78fb5c-cdfb-48ef-9aa6-279c44101496]
]]></system-err>
  </testcase>
  <testcase name="shouldReturnCorrectProviderName" classname="com.pinapp.notify.adapters.sms.SmsNotificationProviderTest" time="0.001">
    <system-err><![CDATA[2026-01-21 14:38:32.563 DEBUG SmsNotificationProvider - [SMS PROVIDER] Inicializado con API Key: test*** | SenderId: TestApp
]]></system-err>
  </testcase>
  <testcase name="shouldHandleShortAndLongMessages" classname="com.pinapp.notify.adapters.sms.SmsNotificationProviderTest" time="0.003">
    <system-err><![CDATA[2026-01-21 14:38:32.564 DEBUG SmsNotificationProvider - [SMS PROVIDER] Inicializado con API Key: test*** | SenderId: TestApp
2026-01-21 14:38:32.566 INFO SmsNotificationProvider - [SMS PROVIDER] Procesando notificación [id=07229284-197c-4ce3-b1c8-52ee0415dd7c]
2026-01-21 14:38:32.566 INFO SmsNotificationProvider - [SMS PROVIDER] Sending to: +56912345678 | From: TestApp | Message: Hi | MessageId: 5bc939b6-861c-4317-89cf-7d7ecbd6cdae
2026-01-21 14:38:32.566 DEBUG SmsNotificationProvider - [SMS PROVIDER] Priority: NORMAL | Message length: 2 chars | API Key configured: true
2026-01-21 14:38:32.566 INFO SmsNotificationProvider - [SMS PROVIDER] ✓ SMS enviado exitosamente [messageId=5bc939b6-861c-4317-89cf-7d7ecbd6cdae]
2026-01-21 14:38:32.566 INFO SmsNotificationProvider - [SMS PROVIDER] Procesando notificación [id=63873869-c886-406f-9c2d-af928ef125ff]
2026-01-21 14:38:32.566 INFO SmsNotificationProvider - [SMS PROVIDER] Sending to: +56912345678 | From: TestApp | Message: AAAAAAAAAAAAAAAAAAAAAAAAAAAAAAAAAAAAAAAAAAAAAAAAAAAAAAAAAAAAAAAAAAAAAAAAAAAAAAAAAAAAAAAAAAAAAAAAAAAA... | MessageId: 86096281-dc84-4be4-b5bd-0ce3d0a2cf38
2026-01-21 14:38:32.566 DEBUG SmsNotificationProvider - [SMS PROVIDER] Priority: NORMAL | Message length: 500 chars | API Key configured: true
2026-01-21 14:38:32.567 INFO SmsNotificationProvider - [SMS PROVIDER] ✓ SMS enviado exitosamente [messageId=86096281-dc84-4be4-b5bd-0ce3d0a2cf38]
]]></system-err>
  </testcase>
  <testcase name="shouldThrowExceptionWhenPhoneIsBlank" classname="com.pinapp.notify.adapters.sms.SmsNotificationProviderTest" time="0.002">
    <system-err><![CDATA[2026-01-21 14:38:32.569 DEBUG SmsNotificationProvider - [SMS PROVIDER] Inicializado con API Key: test*** | SenderId: TestApp
2026-01-21 14:38:32.570 INFO SmsNotificationProvider - [SMS PROVIDER] Procesando notificación [id=2d6e4da3-ec17-42ae-a858-48bd16e14ae8]
2026-01-21 14:38:32.570 ERROR SmsNotificationProvider - [SMS PROVIDER] Error: El destinatario no tiene un número de teléfono válido
]]></system-err>
  </testcase>
  <testcase name="shouldHandleDifferentPriorities" classname="com.pinapp.notify.adapters.sms.SmsNotificationProviderTest" time="0.003">
    <system-err><![CDATA[2026-01-21 14:38:32.571 DEBUG SmsNotificationProvider - [SMS PROVIDER] Inicializado con API Key: test*** | SenderId: TestApp
2026-01-21 14:38:32.572 INFO SmsNotificationProvider - [SMS PROVIDER] Procesando notificación [id=7788a9a9-d334-476c-b5b1-3c1a630b80ac]
2026-01-21 14:38:32.572 INFO SmsNotificationProvider - [SMS PROVIDER] Sending to: +56912345678 | From: TestApp | Message: Test | MessageId: 3bfa39b6-3563-4a06-af54-36e122f9ceb8
2026-01-21 14:38:32.572 DEBUG SmsNotificationProvider - [SMS PROVIDER] Priority: LOW | Message length: 4 chars | API Key configured: true
2026-01-21 14:38:32.572 INFO SmsNotificationProvider - [SMS PROVIDER] ✓ SMS enviado exitosamente [messageId=3bfa39b6-3563-4a06-af54-36e122f9ceb8]
2026-01-21 14:38:32.572 INFO SmsNotificationProvider - [SMS PROVIDER] Procesando notificación [id=bba31f6e-53e5-4d80-8e4e-0b44eb6eb129]
2026-01-21 14:38:32.572 INFO SmsNotificationProvider - [SMS PROVIDER] Sending to: +56912345678 | From: TestApp | Message: Test | MessageId: 675ed89e-84a0-4e3e-bfd5-287616abda45
2026-01-21 14:38:32.572 DEBUG SmsNotificationProvider - [SMS PROVIDER] Priority: NORMAL | Message length: 4 chars | API Key configured: true
2026-01-21 14:38:32.572 INFO SmsNotificationProvider - [SMS PROVIDER] ✓ SMS enviado exitosamente [messageId=675ed89e-84a0-4e3e-bfd5-287616abda45]
2026-01-21 14:38:32.572 INFO SmsNotificationProvider - [SMS PROVIDER] Procesando notificación [id=2f34e0a6-87ca-4030-ab41-191aa869ed1f]
2026-01-21 14:38:32.573 INFO SmsNotificationProvider - [SMS PROVIDER] Sending to: +56912345678 | From: TestApp | Message: Test | MessageId: 2868a0e6-7c42-40b2-af44-c4df476269a0
2026-01-21 14:38:32.573 DEBUG SmsNotificationProvider - [SMS PROVIDER] Priority: HIGH | Message length: 4 chars | API Key configured: true
2026-01-21 14:38:32.573 INFO SmsNotificationProvider - [SMS PROVIDER] ✓ SMS enviado exitosamente [messageId=2868a0e6-7c42-40b2-af44-c4df476269a0]
2026-01-21 14:38:32.573 INFO SmsNotificationProvider - [SMS PROVIDER] Procesando notificación [id=a012211d-e7dc-474d-9321-66347b56bea5]
2026-01-21 14:38:32.573 INFO SmsNotificationProvider - [SMS PROVIDER] Sending to: +56912345678 | From: TestApp | Message: Test | MessageId: 7a4b92f2-560c-4c74-bf54-4637431405be
2026-01-21 14:38:32.573 DEBUG SmsNotificationProvider - [SMS PROVIDER] Priority: CRITICAL | Message length: 4 chars | API Key configured: true
2026-01-21 14:38:32.573 INFO SmsNotificationProvider - [SMS PROVIDER] ✓ SMS enviado exitosamente [messageId=7a4b92f2-560c-4c74-bf54-4637431405be]
]]></system-err>
  </testcase>
  <testcase name="shouldSupportOnlySmsChannel" classname="com.pinapp.notify.adapters.sms.SmsNotificationProviderTest" time="0.0">
    <system-err><![CDATA[2026-01-21 14:38:32.574 DEBUG SmsNotificationProvider - [SMS PROVIDER] Inicializado con API Key: test*** | SenderId: TestApp
]]></system-err>
  </testcase>
  <testcase name="shouldWorkWithApiKeyConstructor" classname="com.pinapp.notify.adapters.sms.SmsNotificationProviderTest" time="0.0">
    <system-err><![CDATA[2026-01-21 14:38:32.575 DEBUG SmsNotificationProvider - [SMS PROVIDER] Inicializado con API Key: test*** | SenderId: TestApp
2026-01-21 14:38:32.575 DEBUG SmsNotificationProvider - [SMS PROVIDER] Inicializado con API Key: api-*** | SenderId: PinApp
2026-01-21 14:38:32.575 INFO SmsNotificationProvider - [SMS PROVIDER] Procesando notificación [id=6c983a55-dc9c-413d-af9b-91019b106c2b]
2026-01-21 14:38:32.575 INFO SmsNotificationProvider - [SMS PROVIDER] Sending to: +56987654321 | From: PinApp | Message: Test message | MessageId: e63221db-d104-411c-a138-7f2f4124f9f3
2026-01-21 14:38:32.575 DEBUG SmsNotificationProvider - [SMS PROVIDER] Priority: NORMAL | Message length: 12 chars | API Key configured: true
2026-01-21 14:38:32.575 INFO SmsNotificationProvider - [SMS PROVIDER] ✓ SMS enviado exitosamente [messageId=e63221db-d104-411c-a138-7f2f4124f9f3]
]]></system-err>
  </testcase>
  <testcase name="shouldHandleDifferentPhoneFormats" classname="com.pinapp.notify.adapters.sms.SmsNotificationProviderTest" time="0.003">
    <system-err><![CDATA[2026-01-21 14:38:32.576 DEBUG SmsNotificationProvider - [SMS PROVIDER] Inicializado con API Key: test*** | SenderId: TestApp
2026-01-21 14:38:32.576 INFO SmsNotificationProvider - [SMS PROVIDER] Procesando notificación [id=d5d5240d-979f-4e41-96d5-0bfacd397eb2]
2026-01-21 14:38:32.576 INFO SmsNotificationProvider - [SMS PROVIDER] Sending to: +56912345678 | From: TestApp | Message: Test | MessageId: d835c627-282d-4e38-bda4-58e700e489ca
2026-01-21 14:38:32.576 DEBUG SmsNotificationProvider - [SMS PROVIDER] Priority: NORMAL | Message length: 4 chars | API Key configured: true
2026-01-21 14:38:32.576 INFO SmsNotificationProvider - [SMS PROVIDER] ✓ SMS enviado exitosamente [messageId=d835c627-282d-4e38-bda4-58e700e489ca]
2026-01-21 14:38:32.577 INFO SmsNotificationProvider - [SMS PROVIDER] Procesando notificación [id=c79746f3-5eb1-4c2e-b18c-126e6a344b9b]
2026-01-21 14:38:32.577 INFO SmsNotificationProvider - [SMS PROVIDER] Sending to: 912345678 | From: TestApp | Message: Test | MessageId: c4af45ff-6253-4bbe-b7d6-3c3563f468ce
2026-01-21 14:38:32.577 DEBUG SmsNotificationProvider - [SMS PROVIDER] Priority: NORMAL | Message length: 4 chars | API Key configured: true
2026-01-21 14:38:32.578 INFO SmsNotificationProvider - [SMS PROVIDER] ✓ SMS enviado exitosamente [messageId=c4af45ff-6253-4bbe-b7d6-3c3563f468ce]
2026-01-21 14:38:32.578 INFO SmsNotificationProvider - [SMS PROVIDER] Procesando notificación [id=dce275ec-b610-4046-9b06-ea55aab670a8]
2026-01-21 14:38:32.578 INFO SmsNotificationProvider - [SMS PROVIDER] Sending to: +1-555-123-4567 | From: TestApp | Message: Test | MessageId: 838c4789-a940-4763-bc31-21df808161af
2026-01-21 14:38:32.578 DEBUG SmsNotificationProvider - [SMS PROVIDER] Priority: NORMAL | Message length: 4 chars | API Key configured: true
2026-01-21 14:38:32.578 INFO SmsNotificationProvider - [SMS PROVIDER] ✓ SMS enviado exitosamente [messageId=838c4789-a940-4763-bc31-21df808161af]
2026-01-21 14:38:32.579 INFO SmsNotificationProvider - [SMS PROVIDER] Procesando notificación [id=a0765f88-f068-4422-9dfc-8f62d79351d9]
2026-01-21 14:38:32.579 INFO SmsNotificationProvider - [SMS PROVIDER] Sending to: (555) 123-4567 | From: TestApp | Message: Test | MessageId: f197465b-879b-4847-bef8-b97b0d6f0e49
2026-01-21 14:38:32.579 DEBUG SmsNotificationProvider - [SMS PROVIDER] Priority: NORMAL | Message length: 4 chars | API Key configured: true
2026-01-21 14:38:32.579 INFO SmsNotificationProvider - [SMS PROVIDER] ✓ SMS enviado exitosamente [messageId=f197465b-879b-4847-bef8-b97b0d6f0e49]
]]></system-err>
  </testcase>
</testsuite>