<?xml version="1.0" encoding="UTF-8"?>
<testsuite xmlns:xsi="http://www.w3.org/2001/XMLSchema-instance" xsi:noNamespaceSchemaLocation="https://maven.apache.org/surefire/maven-surefire-plugin/xsd/surefire-test-report-3.0.xsd" version="3.0" name="com.pinapp.notify.adapters.push.PushNotificationProviderTest" time="0.019" tests="13" errors="0" skipped="0" failures="0">
  <properties>
[...]
</properties>
  <testcase name="shouldSupportOnlyPushChannel" classname="com.pinapp.notify.adapters.push.PushNotificationProviderTest" time="0.0">
    <system-err><![CDATA[2026-01-21 14:08:16.905 DEBUG PushNotificationProvider - [PUSH PROVIDER] Inicializado con Server Key: test*** | App ID: com.test.app
]]></system-err>
  </testcase>
  <testcase name="shouldThrowExceptionWhenMetadataIsEmpty" classname="com.pinapp.notify.adapters.push.PushNotificationProviderTest" time="0.001">
    <system-err><![CDATA[2026-01-21 14:08:16.906 DEBUG PushNotificationProvider - [PUSH PROVIDER] Inicializado con Server Key: test*** | App ID: com.test.app
2026-01-21 14:08:16.906 INFO PushNotificationProvider - [PUSH PROVIDER] Procesando notificación [id=698907a5-0883-41f3-8b9b-992152e28f75]
2026-01-21 14:08:16.906 ERROR PushNotificationProvider - [PUSH PROVIDER] Error: El destinatario no tiene un 'deviceToken' válido en los metadatos
]]></system-err>
  </testcase>
  <testcase name="shouldWorkWithDefaultConstructor" classname="com.pinapp.notify.adapters.push.PushNotificationProviderTest" time="0.004">
    <system-err><![CDATA[2026-01-21 14:08:16.907 DEBUG PushNotificationProvider - [PUSH PROVIDER] Inicializado con Server Key: test*** | App ID: com.test.app
2026-01-21 14:08:16.907 DEBUG PushNotificationProvider - [PUSH PROVIDER] Inicializado con Server Key: ******* | App ID: com.pinapp.default
2026-01-21 14:08:16.907 INFO PushNotificationProvider - [PUSH PROVIDER] Procesando notificación [id=eee86ced-12f2-4094-a509-e396b41c6357]
2026-01-21 14:08:16.910 INFO PushNotificationProvider - [PUSH PROVIDER] Sending to device: device-t...-456 | App: com.pinapp.default | Title: Notificación | Message: Test message | MessageId: a7e9893f-1b85-409d-9662-003e86ac13b7
2026-01-21 14:08:16.910 DEBUG PushNotificationProvider - [PUSH PROVIDER] Priority: NORMAL | Badge: 1 | Sound: default | Server Key configured: false
2026-01-21 14:08:16.910 INFO PushNotificationProvider - [PUSH PROVIDER] ✓ Push notification enviada exitosamente [messageId=a7e9893f-1b85-409d-9662-003e86ac13b7]
]]></system-err>
  </testcase>
  <testcase name="shouldReturnCorrectProviderName" classname="com.pinapp.notify.adapters.push.PushNotificationProviderTest" time="0.0">
    <system-err><![CDATA[2026-01-21 14:08:16.911 DEBUG PushNotificationProvider - [PUSH PROVIDER] Inicializado con Server Key: test*** | App ID: com.test.app
]]></system-err>
  </testcase>
  <testcase name="shouldSendPushSuccessfullyWithAllMetadata" classname="com.pinapp.notify.adapters.push.PushNotificationProviderTest" time="0.001">
    <system-err><![CDATA[2026-01-21 14:08:16.912 DEBUG PushNotificationProvider - [PUSH PROVIDER] Inicializado con Server Key: test*** | App ID: com.test.app
2026-01-21 14:08:16.912 INFO PushNotificationProvider - [PUSH PROVIDER] Procesando notificación [id=59714cfb-ac5e-49c3-b418-fefb99a251d3]
2026-01-21 14:08:16.912 INFO PushNotificationProvider - [PUSH PROVIDER] Sending to device: fcm-toke...cdef | App: com.test.app | Title: Test Title | Message: Test push message | MessageId: 2b2a4307-170a-4668-a251-10d8b40798a0
2026-01-21 14:08:16.912 DEBUG PushNotificationProvider - [PUSH PROVIDER] Priority: HIGH | Badge: 5 | Sound: notification.mp3 | Server Key configured: true
2026-01-21 14:08:16.912 INFO PushNotificationProvider - [PUSH PROVIDER] ✓ Push notification enviada exitosamente [messageId=2b2a4307-170a-4668-a251-10d8b40798a0]
]]></system-err>
  </testcase>
  <testcase name="shouldSendPushSuccessfullyWithOnlyDeviceToken" classname="com.pinapp.notify.adapters.push.PushNotificationProviderTest" time="0.001">
    <system-err><![CDATA[2026-01-21 14:08:16.913 DEBUG PushNotificationProvider - [PUSH PROVIDER] Inicializado con Server Key: test*** | App ID: com.test.app
2026-01-21 14:08:16.913 INFO PushNotificationProvider - [PUSH PROVIDER] Procesando notificación [id=8a3f5ae5-05e0-4c00-9b25-d9606907b49c]
2026-01-21 14:08:16.913 INFO PushNotificationProvider - [PUSH PROVIDER] Sending to device: device-t...-xyz | App: com.test.app | Title: Notificación | Message: Simple push message | MessageId: fb64b00c-eefd-4808-a687-f0b94f6c99a5
2026-01-21 14:08:16.913 DEBUG PushNotificationProvider - [PUSH PROVIDER] Priority: NORMAL | Badge: 1 | Sound: default | Server Key configured: true
2026-01-21 14:08:16.913 INFO PushNotificationProvider - [PUSH PROVIDER] ✓ Push notification enviada exitosamente [messageId=fb64b00c-eefd-4808-a687-f0b94f6c99a5]
]]></system-err>
  </testcase>
  <testcase name="shouldThrowExceptionWhenDeviceTokenIsMissing" classname="com.pinapp.notify.adapters.push.PushNotificationProviderTest" time="0.001">
    <system-err><![CDATA[2026-01-21 14:08:16.914 DEBUG PushNotificationProvider - [PUSH PROVIDER] Inicializado con Server Key: test*** | App ID: com.test.app
2026-01-21 14:08:16.914 INFO PushNotificationProvider - [PUSH PROVIDER] Procesando notificación [id=7e7ae8a1-224e-40f7-b7cf-c0a7b325c4d6]
2026-01-21 14:08:16.915 ERROR PushNotificationProvider - [PUSH PROVIDER] Error: El destinatario no tiene un 'deviceToken' válido en los metadatos
]]></system-err>
  </testcase>
  <testcase name="shouldHandleLongDeviceTokens" classname="com.pinapp.notify.adapters.push.PushNotificationProviderTest" time="0.0">
    <system-err><![CDATA[2026-01-21 14:08:16.915 DEBUG PushNotificationProvider - [PUSH PROVIDER] Inicializado con Server Key: test*** | App ID: com.test.app
2026-01-21 14:08:16.915 INFO PushNotificationProvider - [PUSH PROVIDER] Procesando notificación [id=8e3e73bd-12f5-4adb-93b1-0d4996338a29]
2026-01-21 14:08:16.915 INFO PushNotificationProvider - [PUSH PROVIDER] Sending to device: aaaaaaaa...aaaa | App: com.test.app | Title: Notificación | Message: Test with long token | MessageId: 42c7c127-1b5a-438f-b53f-6abce9e50096
2026-01-21 14:08:16.915 DEBUG PushNotificationProvider - [PUSH PROVIDER] Priority: NORMAL | Badge: 1 | Sound: default | Server Key configured: true
2026-01-21 14:08:16.915 INFO PushNotificationProvider - [PUSH PROVIDER] ✓ Push notification enviada exitosamente [messageId=42c7c127-1b5a-438f-b53f-6abce9e50096]
]]></system-err>
  </testcase>
  <testcase name="shouldUseDefaultValuesForOptionalMetadata" classname="com.pinapp.notify.adapters.push.PushNotificationProviderTest" time="0.0">
    <system-err><![CDATA[2026-01-21 14:08:16.916 DEBUG PushNotificationProvider - [PUSH PROVIDER] Inicializado con Server Key: test*** | App ID: com.test.app
2026-01-21 14:08:16.916 INFO PushNotificationProvider - [PUSH PROVIDER] Procesando notificación [id=af62f092-f1e2-4770-9116-5aee780cdbd7]
2026-01-21 14:08:16.916 INFO PushNotificationProvider - [PUSH PROVIDER] Sending to device: device-t...-789 | App: com.test.app | Title: Notificación | Message: Test with defaults | MessageId: f0c51698-aff2-4e08-a056-83fa37036308
2026-01-21 14:08:16.916 DEBUG PushNotificationProvider - [PUSH PROVIDER] Priority: NORMAL | Badge: 1 | Sound: default | Server Key configured: true
2026-01-21 14:08:16.916 INFO PushNotificationProvider - [PUSH PROVIDER] ✓ Push notification enviada exitosamente [messageId=f0c51698-aff2-4e08-a056-83fa37036308]
]]></system-err>
  </testcase>
  <testcase name="shouldAllowAdditionalMetadata" classname="com.pinapp.notify.adapters.push.PushNotificationProviderTest" time="0.001">
    <system-err><![CDATA[2026-01-21 14:08:16.916 DEBUG PushNotificationProvider - [PUSH PROVIDER] Inicializado con Server Key: test*** | App ID: com.test.app
2026-01-21 14:08:16.917 INFO PushNotificationProvider - [PUSH PROVIDER] Procesando notificación [id=9137c50c-82b6-4a9a-af64-cde30b6a95a0]
2026-01-21 14:08:16.917 INFO PushNotificationProvider - [PUSH PROVIDER] Sending to device: device-t...xtra | App: com.test.app | Title: Notificación | Message: Test with extra metadata | MessageId: cdbf8e08-af5d-481f-83ab-f0cbdfe2a95c
2026-01-21 14:08:16.917 DEBUG PushNotificationProvider - [PUSH PROVIDER] Priority: NORMAL | Badge: 1 | Sound: default | Server Key configured: true
2026-01-21 14:08:16.917 INFO PushNotificationProvider - [PUSH PROVIDER] ✓ Push notification enviada exitosamente [messageId=cdbf8e08-af5d-481f-83ab-f0cbdfe2a95c]
]]></system-err>
  </testcase>
  <testcase name="shouldThrowExceptionWhenDeviceTokenIsBlank" classname="com.pinapp.notify.adapters.push.PushNotificationProviderTest" time="0.001">
    <system-err><![CDATA[2026-01-21 14:08:16.917 DEBUG PushNotificationProvider - [PUSH PROVIDER] Inicializado con Server Key: test*** | App ID: com.test.app
2026-01-21 14:08:16.918 INFO PushNotificationProvider - [PUSH PROVIDER] Procesando notificación [id=ba00f953-84ff-498d-844c-9797032e5e09]
2026-01-21 14:08:16.918 ERROR PushNotificationProvider - [PUSH PROVIDER] Error: El destinatario no tiene un 'deviceToken' válido en los metadatos
]]></system-err>
  </testcase>
  <testcase name="shouldHandleDifferentPriorities" classname="com.pinapp.notify.adapters.push.PushNotificationProviderTest" time="0.003">
    <system-err><![CDATA[2026-01-21 14:08:16.920 DEBUG PushNotificationProvider - [PUSH PROVIDER] Inicializado con Server Key: test*** | App ID: com.test.app
2026-01-21 14:08:16.920 INFO PushNotificationProvider - [PUSH PROVIDER] Procesando notificación [id=47f57a66-81fb-4fdb-bbf7-e1583b12d6f6]
2026-01-21 14:08:16.920 INFO PushNotificationProvider - [PUSH PROVIDER] Sending to device: device-t...rity | App: com.test.app | Title: Notificación | Message: Test | MessageId: 1e5e1b51-20b0-40f7-89bd-8390498c50bd
2026-01-21 14:08:16.920 DEBUG PushNotificationProvider - [PUSH PROVIDER] Priority: LOW | Badge: 1 | Sound: default | Server Key configured: true
2026-01-21 14:08:16.920 INFO PushNotificationProvider - [PUSH PROVIDER] ✓ Push notification enviada exitosamente [messageId=1e5e1b51-20b0-40f7-89bd-8390498c50bd]
2026-01-21 14:08:16.920 INFO PushNotificationProvider - [PUSH PROVIDER] Procesando notificación [id=f9548620-771c-4a24-b25c-378b8ef14673]
2026-01-21 14:08:16.920 INFO PushNotificationProvider - [PUSH PROVIDER] Sending to device: device-t...rity | App: com.test.app | Title: Notificación | Message: Test | MessageId: 6a379925-3798-44f9-83e5-fb3d54db3d2d
2026-01-21 14:08:16.920 DEBUG PushNotificationProvider - [PUSH PROVIDER] Priority: NORMAL | Badge: 1 | Sound: default | Server Key configured: true
2026-01-21 14:08:16.920 INFO PushNotificationProvider - [PUSH PROVIDER] ✓ Push notification enviada exitosamente [messageId=6a379925-3798-44f9-83e5-fb3d54db3d2d]
2026-01-21 14:08:16.920 INFO PushNotificationProvider - [PUSH PROVIDER] Procesando notificación [id=64887961-a538-4b46-a27b-147d0241dfee]
2026-01-21 14:08:16.920 INFO PushNotificationProvider - [PUSH PROVIDER] Sending to device: device-t...rity | App: com.test.app | Title: Notificación | Message: Test | MessageId: 2fc74c67-210a-4455-8f5a-e9be0199953f
2026-01-21 14:08:16.920 DEBUG PushNotificationProvider - [PUSH PROVIDER] Priority: HIGH | Badge: 1 | Sound: default | Server Key configured: true
2026-01-21 14:08:16.920 INFO PushNotificationProvider - [PUSH PROVIDER] ✓ Push notification enviada exitosamente [messageId=2fc74c67-210a-4455-8f5a-e9be0199953f]
2026-01-21 14:08:16.920 INFO PushNotificationProvider - [PUSH PROVIDER] Procesando notificación [id=8c67f2af-616e-4913-95ea-0353dba1ec90]
2026-01-21 14:08:16.921 INFO PushNotificationProvider - [PUSH PROVIDER] Sending to device: device-t...rity | App: com.test.app | Title: Notificación | Message: Test | MessageId: 2a28d863-0859-45e6-8754-4092b17a6b69
2026-01-21 14:08:16.921 DEBUG PushNotificationProvider - [PUSH PROVIDER] Priority: CRITICAL | Badge: 1 | Sound: default | Server Key configured: true
2026-01-21 14:08:16.921 INFO PushNotificationProvider - [PUSH PROVIDER] ✓ Push notification enviada exitosamente [messageId=2a28d863-0859-45e6-8754-4092b17a6b69]
]]></system-err>
  </testcase>
  <testcase name="shouldWorkWithServerKeyConstructor" classname="com.pinapp.notify.adapters.push.PushNotificationProviderTest" time="0.0">
    <system-err><![CDATA[2026-01-21 14:08:16.922 DEBUG PushNotificationProvider - [PUSH PROVIDER] Inicializado con Server Key: test*** | App ID: com.test.app
2026-01-21 14:08:16.922 DEBUG PushNotificationProvider - [PUSH PROVIDER] Inicializado con Server Key: serv*** | App ID: com.pinapp.default
2026-01-21 14:08:16.922 INFO PushNotificationProvider - [PUSH PROVIDER] Procesando notificación [id=a63b2d12-767d-488d-8597-503a8b647a2a]
2026-01-21 14:08:16.922 INFO PushNotificationProvider - [PUSH PROVIDER] Sending to device: device-t...-123 | App: com.pinapp.default | Title: Notificación | Message: Test message | MessageId: d4ef6abc-306c-48ab-b0a7-793e59d10fb8
2026-01-21 14:08:16.922 DEBUG PushNotificationProvider - [PUSH PROVIDER] Priority: NORMAL | Badge: 1 | Sound: default | Server Key configured: true
2026-01-21 14:08:16.922 INFO PushNotificationProvider - [PUSH PROVIDER] ✓ Push notification enviada exitosamente [messageId=d4ef6abc-306c-48ab-b0a7-793e59d10fb8]
]]></system-err>
  </testcase>
</testsuite>